#
# A fatal error has been detected by the Java Runtime Environment:
#
#  EXCEPTION_ACCESS_VIOLATION (0xc0000005) at pc=0x00007ffea0cc15f3, pid=8744, tid=13940
#
# JRE version: OpenJDK Runtime Environment Temurin-17.0.1+12 (17.0.1+12) (build 17.0.1+12)
# Java VM: OpenJDK 64-Bit Server VM Temurin-17.0.1+12 (17.0.1+12, mixed mode, tiered, compressed oops, compressed class ptrs, g1 gc, windows-amd64)
# Problematic frame:
# C  [VCRUNTIME140.dll+0x15f3]
#
# No core dump will be written. Minidumps are not enabled by default on client versions of Windows
#
# If you would like to submit a bug report, please visit:
#   https://github.com/adoptium/adoptium-support/issues
#

---------------  S U M M A R Y ------------

Command Line: -XX:+ShowCodeDetailsInExceptionMessages -agentlib:jdwp=transport=dt_socket,suspend=y,address=localhost:51125 -javaagent:C:\Users\Baba\eclipse\java-2021-09\eclipse\configuration\org.eclipse.osgi\222\0\.cp\lib\javaagent-shaded.jar -Dfile.encoding=UTF-8 nefelus.rpg.NefelusApplication

Host: Intel(R) Core(TM) i5-9400F CPU @ 2.90GHz, 6 cores, 15G,  Windows 10 , 64 bit Build 19041 (10.0.19041.1503)
Time: Mon Feb 28 19:43:57 2022 Hora oficial do Brasil elapsed time: 10.340337 seconds (0d 0h 0m 10s)

---------------  T H R E A D  ---------------

Current thread (0x000002a113864b00):  JavaThread "C2 CompilerThread0" daemon [_thread_in_native, id=13940, stack(0x000000d6f7200000,0x000000d6f7300000)]


Current CompileTask:
C2:  10340  805       4       java.util.HashMap::getNode (150 bytes)

Stack: [0x000000d6f7200000,0x000000d6f7300000],  sp=0x000000d6f72fd5e8,  free space=1013k
Native frames: (J=compiled Java code, j=interpreted, Vv=VM code, C=native code)
C  [VCRUNTIME140.dll+0x15f3]
V  [jvm.dll+0x2a106e]
V  [jvm.dll+0x7ed257]
V  [jvm.dll+0x217561]
V  [jvm.dll+0x216b08]
V  [jvm.dll+0x1a355d]
V  [jvm.dll+0x226e38]
V  [jvm.dll+0x224f7c]
V  [jvm.dll+0x7e3f5b]
V  [jvm.dll+0x7de51a]
V  [jvm.dll+0x673305]
C  [ucrtbase.dll+0x21bb2]
C  [KERNEL32.DLL+0x17034]
C  [ntdll.dll+0x52651]


siginfo: EXCEPTION_ACCESS_VIOLATION (0xc0000005), reading address 0x000002a1238bab30


Register to memory mapping:

RIP=0x00007ffea0cc15f3 VCRUNTIME140.dll
RAX=0x000002a1238bab40 is an unknown value
RBX=0x000002a1139e6a50 points into unknown readable memory: 0x000000d6f72fea78 | 78 ea 2f f7 d6 00 00 00
RCX=0x000002a1247221c0 is an unknown value
RDX=0xffffffffff198980 is an unknown value
RSP=0x000000d6f72fd5e8 is pointing into the stack for thread: 0x000002a113864b00
RBP=0x000000000000003c is an unknown value
RSI=0x000000d6f72fea78 is pointing into the stack for thread: 0x000002a113864b00
RDI=0x0000000000000078 is an unknown value
R8 =0x0000000010000010 is an unknown value
R9 =0x00007ffea0cc0000 VCRUNTIME140.dll
R10=0x000002a1138bab30 points into unknown readable memory: 0x000002a1138baad8 | d8 aa 8b 13 a1 02 00 00
R11=0x000002a1147221b0 points into unknown readable memory: 0x000002a114722250 | 50 22 72 14 a1 02 00 00
R12=0x0 is NULL
R13=0x000002a17fc78160 points into unknown readable memory: 0x0000000000000000 | 00 00 00 00 00 00 00 00
R14=0x0000000000000020 is an unknown value
R15=0x000002a11388a890 points into unknown readable memory: 0x000002a11382bde0 | e0 bd 82 13 a1 02 00 00


Registers:
RAX=0x000002a1238bab40, RBX=0x000002a1139e6a50, RCX=0x000002a1247221c0, RDX=0xffffffffff198980
RSP=0x000000d6f72fd5e8, RBP=0x000000000000003c, RSI=0x000000d6f72fea78, RDI=0x0000000000000078
R8 =0x0000000010000010, R9 =0x00007ffea0cc0000, R10=0x000002a1138bab30, R11=0x000002a1147221b0
R12=0x0000000000000000, R13=0x000002a17fc78160, R14=0x0000000000000020, R15=0x000002a11388a890
RIP=0x00007ffea0cc15f3, EFLAGS=0x0000000000010206

Top of Stack: (sp=0x000000d6f72fd5e8)
0x000000d6f72fd5e8:   00007ffe537b106e 000002a1139e6a50
0x000000d6f72fd5f8:   000000d6f72fd7b0 0000000000001000
0x000000d6f72fd608:   0000000000000000 000002a113805801
0x000000d6f72fd618:   000000d6f72fea78 0000000000000000
0x000000d6f72fd628:   00007ffe53cfd257 000000d6f72fe770
0x000000d6f72fd638:   000000d6f72fe770 000000d6f72fd7b0
0x000000d6f72fd648:   0000000000000000 000000d6f72fe748
0x000000d6f72fd658:   00007ffe53727561 000000d6f72fe770
0x000000d6f72fd668:   0000000000000000 0000000000000006
0x000000d6f72fd678:   00007ffe535bb4a1 000000d600000010
0x000000d6f72fd688:   000000d6f72fea78 000000d6f72fd7b0
0x000000d6f72fd698:   0000000000000000 0000000000000001
0x000000d6f72fd6a8:   00007ffe53726b08 000000d6f72fe8a0
0x000000d6f72fd6b8:   0000000000000002 000000000000001e
0x000000d6f72fd6c8:   0000000000000001 000002a10010cc00
0x000000d6f72fd6d8:   0000000000000000 000002a100100000 

Instructions: (pc=0x00007ffea0cc15f3)
0x00007ffea0cc14f3:   11 a0 0f 10 4c 11 b0 49 ff c9 0f 29 41 a0 0f 29
0x00007ffea0cc1503:   49 b0 0f 10 44 11 c0 0f 10 4c 11 d0 0f 29 41 c0
0x00007ffea0cc1513:   0f 29 49 d0 0f 10 44 11 e0 0f 10 4c 11 f0 75 ad
0x00007ffea0cc1523:   0f 29 41 e0 49 83 e0 7f 0f 28 c1 eb 0c 0f 10 04
0x00007ffea0cc1533:   11 48 83 c1 10 49 83 e8 10 4d 8b c8 49 c1 e9 04
0x00007ffea0cc1543:   74 1c 66 66 66 0f 1f 84 00 00 00 00 00 0f 11 41
0x00007ffea0cc1553:   f0 0f 10 04 11 48 83 c1 10 49 ff c9 75 ef 49 83
0x00007ffea0cc1563:   e0 0f 74 0d 4a 8d 04 01 0f 10 4c 10 f0 0f 11 48
0x00007ffea0cc1573:   f0 0f 11 41 f0 49 8b c3 c3 0f 1f 40 00 0f 2b 41
0x00007ffea0cc1583:   e0 0f 2b 49 f0 0f 18 84 11 00 02 00 00 0f 10 04
0x00007ffea0cc1593:   11 0f 10 4c 11 10 48 81 c1 80 00 00 00 0f 2b 41
0x00007ffea0cc15a3:   80 0f 2b 49 90 0f 10 44 11 a0 0f 10 4c 11 b0 49
0x00007ffea0cc15b3:   ff c9 0f 2b 41 a0 0f 2b 49 b0 0f 10 44 11 c0 0f
0x00007ffea0cc15c3:   10 4c 11 d0 0f 18 84 11 40 02 00 00 0f 2b 41 c0
0x00007ffea0cc15d3:   0f 2b 49 d0 0f 10 44 11 e0 0f 10 4c 11 f0 75 9d
0x00007ffea0cc15e3:   0f ae f8 e9 38 ff ff ff 0f 1f 44 00 00 49 03 c8
0x00007ffea0cc15f3:   0f 10 44 11 f0 48 83 e9 10 49 83 e8 10 f6 c1 0f
0x00007ffea0cc1603:   74 17 48 8b c1 48 83 e1 f0 0f 10 c8 0f 10 04 11
0x00007ffea0cc1613:   0f 11 08 4c 8b c1 4d 2b c3 4d 8b c8 49 c1 e9 07
0x00007ffea0cc1623:   74 68 0f 29 01 eb 0d 66 0f 1f 44 00 00 0f 29 41
0x00007ffea0cc1633:   10 0f 29 09 0f 10 44 11 f0 0f 10 4c 11 e0 48 81
0x00007ffea0cc1643:   e9 80 00 00 00 0f 29 41 70 0f 29 49 60 0f 10 44
0x00007ffea0cc1653:   11 50 0f 10 4c 11 40 49 ff c9 0f 29 41 50 0f 29
0x00007ffea0cc1663:   49 40 0f 10 44 11 30 0f 10 4c 11 20 0f 29 41 30
0x00007ffea0cc1673:   0f 29 49 20 0f 10 44 11 10 0f 10 0c 11 75 ae 0f
0x00007ffea0cc1683:   29 41 10 49 83 e0 7f 0f 28 c1 4d 8b c8 49 c1 e9
0x00007ffea0cc1693:   04 74 1a 66 66 0f 1f 84 00 00 00 00 00 0f 11 01
0x00007ffea0cc16a3:   48 83 e9 10 0f 10 04 11 49 ff c9 75 f0 49 83 e0
0x00007ffea0cc16b3:   0f 74 08 41 0f 10 0a 41 0f 11 0b 0f 11 01 49 8b
0x00007ffea0cc16c3:   c3 c3 cc cc cc cc cc cc cc cc cc cc cc cc cc cc
0x00007ffea0cc16d3:   cc cc cc 66 66 0f 1f 84 00 00 00 00 00 57 8b c2
0x00007ffea0cc16e3:   48 8b f9 49 8b c8 f3 aa 49 8b c3 5f c3 cc cc cc 


Stack slot to memory mapping:
stack at sp + 0 slots: 0x00007ffe537b106e jvm.dll
stack at sp + 1 slots: 0x000002a1139e6a50 points into unknown readable memory: 0x000000d6f72fea78 | 78 ea 2f f7 d6 00 00 00
stack at sp + 2 slots: 0x000000d6f72fd7b0 is pointing into the stack for thread: 0x000002a113864b00
stack at sp + 3 slots: 4096 is a compressed pointer to class: 0x0000000800001000
java.nio.CharBuffer {0x0000000800001008}
 - instance size:     7
 - klass size:        142
 - access:            public synchronized abstract 
 - state:             fully_initialized
 - name:              'java/nio/CharBuffer'
 - super:             'java/nio/Buffer'
 - sub:               'java/nio/ByteBufferAsCharBufferB'   'java/nio/HeapCharBuffer'   
 - arrays:            NULL
 - methods:           Array<T>(0x000002a113542aa0)
 - method ordering:   Array<T>(0x000002a113546e08)
 - default_methods:   Array<T>(0x000002a113546f58)
 - default vtable indices:   Array<T>(0x000002a113546f68)
 - local interfaces:  Array<T>(0x000002a113542a30)
 - trans. interfaces: Array<T>(0x000002a113542a30)
 - constants:         constant pool [463]/operands[7] {0x000002a113541a40} for 'java/nio/CharBuffer' cache=0x000002a113546f78
 - class loader data:  loader data: 0x000002a17fb56d00 of 'bootstrap'
 - source file:       'CharBuffer.java'
 - class annotations:       Array<T>(0x0000000000000000)
 - class type annotations:  Array<T>(0x0000000000000000)
 - field annotations:       Array<T>(0x0000000000000000)
 - field type annotations:  Array<T>(0x0000000000000000)
 - generic signature: 'Ljava/nio/Buffer;Ljava/lang/Comparable<Ljava/nio/CharBuffer;>;Ljava/lang/Appendable;Ljava/lang/CharSequence;Ljava/lang/Readable;'
 - inner classes:     Array<T>(0x000002a113546de0)
 - nest members:     Array<T>(0x000002a113000028)
 - permitted subclasses:     Array<T>(0x000002a113000028)
 - java mirror:       a 'java/lang/Class'{0x0000000710ffc7a0} = 'java/nio/CharBuffer'
 - vtable length      61  (start addr: 0x00000008000011c8)
 - itable length      22 (start addr: 0x00000008000013b0)
 - ---- static fields (2 words):
 - private static final 'ARRAY_BASE_OFFSET' 'J' @112 
 - static final synthetic '$assertionsDisabled' 'Z' @120 
 - ---- non-static fields (10 words):
 - private 'mark' 'I' @12 
 - 'address' 'J' @16 
 - private 'position' 'I' @24 
 - private 'limit' 'I' @28 
 - private 'capacity' 'I' @32 
 - final 'segment' 'Ljdk/internal/access/foreign/MemorySegmentProxy;' @36 
 - final 'offset' 'I' @40 
 - 'isReadOnly' 'Z' @44 
 - final 'hb' '[C' @48 
 - non-static oop maps: 36-36 48-48 
stack at sp + 4 slots: 0x0 is NULL
stack at sp + 5 slots: 0x000002a113805801 points into unknown readable memory: 6a 61 76 61 2f 75 74
stack at sp + 6 slots: 0x000000d6f72fea78 is pointing into the stack for thread: 0x000002a113864b00
stack at sp + 7 slots: 0x0 is NULL


---------------  P R O C E S S  ---------------

Threads class SMR info:
_java_thread_list=0x000002a1144d33b0, length=15, elements={
0x000002a174512d30, 0x000002a1138413e0, 0x000002a11380a8f0, 0x000002a11384e3d0,
0x000002a11384ec90, 0x000002a11384f640, 0x000002a11382b780, 0x000002a113864b00,
0x000002a113867410, 0x000002a113893c60, 0x000002a1139f4ad0, 0x000002a113b0da50,
0x000002a113b0b1d0, 0x000002a113b0b6c0, 0x000002a1140ba130
}

Java Threads: ( => current thread )
  0x000002a174512d30 JavaThread "main" [_thread_in_Java, id=3156, stack(0x000000d6f6500000,0x000000d6f6600000)]
  0x000002a1138413e0 JavaThread "Reference Handler" daemon [_thread_blocked, id=13748, stack(0x000000d6f6c00000,0x000000d6f6d00000)]
  0x000002a11380a8f0 JavaThread "Finalizer" daemon [_thread_blocked, id=13752, stack(0x000000d6f6d00000,0x000000d6f6e00000)]
  0x000002a11384e3d0 JavaThread "Signal Dispatcher" daemon [_thread_blocked, id=13924, stack(0x000000d6f6e00000,0x000000d6f6f00000)]
  0x000002a11384ec90 JavaThread "Attach Listener" daemon [_thread_blocked, id=13928, stack(0x000000d6f6f00000,0x000000d6f7000000)]
  0x000002a11384f640 JavaThread "Service Thread" daemon [_thread_blocked, id=13932, stack(0x000000d6f7000000,0x000000d6f7100000)]
  0x000002a11382b780 JavaThread "Monitor Deflation Thread" daemon [_thread_blocked, id=13936, stack(0x000000d6f7100000,0x000000d6f7200000)]
=>0x000002a113864b00 JavaThread "C2 CompilerThread0" daemon [_thread_in_native, id=13940, stack(0x000000d6f7200000,0x000000d6f7300000)]
  0x000002a113867410 JavaThread "C1 CompilerThread0" daemon [_thread_blocked, id=13944, stack(0x000000d6f7300000,0x000000d6f7400000)]
  0x000002a113893c60 JavaThread "Sweeper thread" daemon [_thread_blocked, id=13948, stack(0x000000d6f7400000,0x000000d6f7500000)]
  0x000002a1139f4ad0 JavaThread "Common-Cleaner" daemon [_thread_blocked, id=14044, stack(0x000000d6f7500000,0x000000d6f7600000)]
  0x000002a113b0da50 JavaThread "JDWP Transport Listener: dt_socket" daemon [_thread_blocked, id=14148, stack(0x000000d6f7600000,0x000000d6f7700000)]
  0x000002a113b0b1d0 JavaThread "JDWP Event Helper Thread" daemon [_thread_blocked, id=14160, stack(0x000000d6f7700000,0x000000d6f7800000)]
  0x000002a113b0b6c0 JavaThread "JDWP Command Reader" daemon [_thread_in_native, id=14260, stack(0x000000d6f7800000,0x000000d6f7900000)]
  0x000002a1140ba130 JavaThread "Notification Thread" daemon [_thread_blocked, id=14168, stack(0x000000d6f7900000,0x000000d6f7a00000)]

Other Threads:
  0x000002a113804c00 VMThread "VM Thread" [stack: 0x000000d6f6b00000,0x000000d6f6c00000] [id=13380]
  0x000002a174513ce0 WatcherThread [stack: 0x000000d6f7a00000,0x000000d6f7b00000] [id=3376]
  0x000002a1745628f0 GCTaskThread "GC Thread#0" [stack: 0x000000d6f6600000,0x000000d6f6700000] [id=11296]
  0x000002a174573700 ConcurrentGCThread "G1 Main Marker" [stack: 0x000000d6f6700000,0x000000d6f6800000] [id=6964]
  0x000002a174574110 ConcurrentGCThread "G1 Conc#0" [stack: 0x000000d6f6800000,0x000000d6f6900000] [id=9072]
  0x000002a1745de910 ConcurrentGCThread "G1 Refine#0" [stack: 0x000000d6f6900000,0x000000d6f6a00000] [id=1044]
  0x000002a17fb448c0 ConcurrentGCThread "G1 Service" [stack: 0x000000d6f6a00000,0x000000d6f6b00000] [id=7668]

Threads with active compile tasks:
C2 CompilerThread0    10417  805       4       java.util.HashMap::getNode (150 bytes)

VM state: not at safepoint (normal execution)

VM Mutex/Monitor currently owned by a thread: None

Heap address: 0x0000000701200000, size: 4078 MB, Compressed Oops mode: Zero based, Oop shift amount: 3

CDS archive(s) not mapped
Compressed class space mapped at: 0x0000000800000000-0x0000000840000000, reserved size: 1073741824
Narrow klass base: 0x0000000800000000, Narrow klass shift: 0, Narrow klass range: 0x40000000

GC Precious Log:
 CPUs: 6 total, 6 available
 Memory: 16304M
 Large Page Support: Disabled
 NUMA Support: Disabled
 Compressed Oops: Enabled (Zero based)
 Heap Region Size: 2M
 Heap Min Capacity: 8M
 Heap Initial Capacity: 256M
 Heap Max Capacity: 4078M
 Pre-touch: Disabled
 Parallel Workers: 6
 Concurrent Workers: 2
 Concurrent Refinement Workers: 6
 Periodic GC: Disabled

Heap:
 garbage-first heap   total 262144K, used 18432K [0x0000000701200000, 0x0000000800000000)
  region size 2048K, 10 young (20480K), 0 survivors (0K)
 Metaspace       used 11419K, committed 11584K, reserved 1064960K
  class space    used 991K, committed 1088K, reserved 1048576K

Heap Regions: E=young(eden), S=young(survivor), O=old, HS=humongous(starts), HC=humongous(continues), CS=collection set, F=free, OA=open archive, CA=closed archive, TAMS=top-at-mark-start (previous, next)
|   0|0x0000000701200000, 0x0000000701200000, 0x0000000701400000|  0%| F|  |TAMS 0x0000000701200000, 0x0000000701200000| Untracked 
|   1|0x0000000701400000, 0x0000000701400000, 0x0000000701600000|  0%| F|  |TAMS 0x0000000701400000, 0x0000000701400000| Untracked 
|   2|0x0000000701600000, 0x0000000701600000, 0x0000000701800000|  0%| F|  |TAMS 0x0000000701600000, 0x0000000701600000| Untracked 
|   3|0x0000000701800000, 0x0000000701800000, 0x0000000701a00000|  0%| F|  |TAMS 0x0000000701800000, 0x0000000701800000| Untracked 
|   4|0x0000000701a00000, 0x0000000701a00000, 0x0000000701c00000|  0%| F|  |TAMS 0x0000000701a00000, 0x0000000701a00000| Untracked 
|   5|0x0000000701c00000, 0x0000000701c00000, 0x0000000701e00000|  0%| F|  |TAMS 0x0000000701c00000, 0x0000000701c00000| Untracked 
|   6|0x0000000701e00000, 0x0000000701e00000, 0x0000000702000000|  0%| F|  |TAMS 0x0000000701e00000, 0x0000000701e00000| Untracked 
|   7|0x0000000702000000, 0x0000000702000000, 0x0000000702200000|  0%| F|  |TAMS 0x0000000702000000, 0x0000000702000000| Untracked 
|   8|0x0000000702200000, 0x0000000702200000, 0x0000000702400000|  0%| F|  |TAMS 0x0000000702200000, 0x0000000702200000| Untracked 
|   9|0x0000000702400000, 0x0000000702400000, 0x0000000702600000|  0%| F|  |TAMS 0x0000000702400000, 0x0000000702400000| Untracked 
|  10|0x0000000702600000, 0x0000000702600000, 0x0000000702800000|  0%| F|  |TAMS 0x0000000702600000, 0x0000000702600000| Untracked 
|  11|0x0000000702800000, 0x0000000702800000, 0x0000000702a00000|  0%| F|  |TAMS 0x0000000702800000, 0x0000000702800000| Untracked 
|  12|0x0000000702a00000, 0x0000000702a00000, 0x0000000702c00000|  0%| F|  |TAMS 0x0000000702a00000, 0x0000000702a00000| Untracked 
|  13|0x0000000702c00000, 0x0000000702c00000, 0x0000000702e00000|  0%| F|  |TAMS 0x0000000702c00000, 0x0000000702c00000| Untracked 
|  14|0x0000000702e00000, 0x0000000702e00000, 0x0000000703000000|  0%| F|  |TAMS 0x0000000702e00000, 0x0000000702e00000| Untracked 
|  15|0x0000000703000000, 0x0000000703000000, 0x0000000703200000|  0%| F|  |TAMS 0x0000000703000000, 0x0000000703000000| Untracked 
|  16|0x0000000703200000, 0x0000000703200000, 0x0000000703400000|  0%| F|  |TAMS 0x0000000703200000, 0x0000000703200000| Untracked 
|  17|0x0000000703400000, 0x0000000703400000, 0x0000000703600000|  0%| F|  |TAMS 0x0000000703400000, 0x0000000703400000| Untracked 
|  18|0x0000000703600000, 0x0000000703600000, 0x0000000703800000|  0%| F|  |TAMS 0x0000000703600000, 0x0000000703600000| Untracked 
|  19|0x0000000703800000, 0x0000000703800000, 0x0000000703a00000|  0%| F|  |TAMS 0x0000000703800000, 0x0000000703800000| Untracked 
|  20|0x0000000703a00000, 0x0000000703a00000, 0x0000000703c00000|  0%| F|  |TAMS 0x0000000703a00000, 0x0000000703a00000| Untracked 
|  21|0x0000000703c00000, 0x0000000703c00000, 0x0000000703e00000|  0%| F|  |TAMS 0x0000000703c00000, 0x0000000703c00000| Untracked 
|  22|0x0000000703e00000, 0x0000000703e00000, 0x0000000704000000|  0%| F|  |TAMS 0x0000000703e00000, 0x0000000703e00000| Untracked 
|  23|0x0000000704000000, 0x0000000704000000, 0x0000000704200000|  0%| F|  |TAMS 0x0000000704000000, 0x0000000704000000| Untracked 
|  24|0x0000000704200000, 0x0000000704200000, 0x0000000704400000|  0%| F|  |TAMS 0x0000000704200000, 0x0000000704200000| Untracked 
|  25|0x0000000704400000, 0x0000000704400000, 0x0000000704600000|  0%| F|  |TAMS 0x0000000704400000, 0x0000000704400000| Untracked 
|  26|0x0000000704600000, 0x0000000704600000, 0x0000000704800000|  0%| F|  |TAMS 0x0000000704600000, 0x0000000704600000| Untracked 
|  27|0x0000000704800000, 0x0000000704800000, 0x0000000704a00000|  0%| F|  |TAMS 0x0000000704800000, 0x0000000704800000| Untracked 
|  28|0x0000000704a00000, 0x0000000704a00000, 0x0000000704c00000|  0%| F|  |TAMS 0x0000000704a00000, 0x0000000704a00000| Untracked 
|  29|0x0000000704c00000, 0x0000000704c00000, 0x0000000704e00000|  0%| F|  |TAMS 0x0000000704c00000, 0x0000000704c00000| Untracked 
|  30|0x0000000704e00000, 0x0000000704e00000, 0x0000000705000000|  0%| F|  |TAMS 0x0000000704e00000, 0x0000000704e00000| Untracked 
|  31|0x0000000705000000, 0x0000000705000000, 0x0000000705200000|  0%| F|  |TAMS 0x0000000705000000, 0x0000000705000000| Untracked 
|  32|0x0000000705200000, 0x0000000705200000, 0x0000000705400000|  0%| F|  |TAMS 0x0000000705200000, 0x0000000705200000| Untracked 
|  33|0x0000000705400000, 0x0000000705400000, 0x0000000705600000|  0%| F|  |TAMS 0x0000000705400000, 0x0000000705400000| Untracked 
|  34|0x0000000705600000, 0x0000000705600000, 0x0000000705800000|  0%| F|  |TAMS 0x0000000705600000, 0x0000000705600000| Untracked 
|  35|0x0000000705800000, 0x0000000705800000, 0x0000000705a00000|  0%| F|  |TAMS 0x0000000705800000, 0x0000000705800000| Untracked 
|  36|0x0000000705a00000, 0x0000000705a00000, 0x0000000705c00000|  0%| F|  |TAMS 0x0000000705a00000, 0x0000000705a00000| Untracked 
|  37|0x0000000705c00000, 0x0000000705c00000, 0x0000000705e00000|  0%| F|  |TAMS 0x0000000705c00000, 0x0000000705c00000| Untracked 
|  38|0x0000000705e00000, 0x0000000705e00000, 0x0000000706000000|  0%| F|  |TAMS 0x0000000705e00000, 0x0000000705e00000| Untracked 
|  39|0x0000000706000000, 0x0000000706000000, 0x0000000706200000|  0%| F|  |TAMS 0x0000000706000000, 0x0000000706000000| Untracked 
|  40|0x0000000706200000, 0x0000000706200000, 0x0000000706400000|  0%| F|  |TAMS 0x0000000706200000, 0x0000000706200000| Untracked 
|  41|0x0000000706400000, 0x0000000706400000, 0x0000000706600000|  0%| F|  |TAMS 0x0000000706400000, 0x0000000706400000| Untracked 
|  42|0x0000000706600000, 0x0000000706600000, 0x0000000706800000|  0%| F|  |TAMS 0x0000000706600000, 0x0000000706600000| Untracked 
|  43|0x0000000706800000, 0x0000000706800000, 0x0000000706a00000|  0%| F|  |TAMS 0x0000000706800000, 0x0000000706800000| Untracked 
|  44|0x0000000706a00000, 0x0000000706a00000, 0x0000000706c00000|  0%| F|  |TAMS 0x0000000706a00000, 0x0000000706a00000| Untracked 
|  45|0x0000000706c00000, 0x0000000706c00000, 0x0000000706e00000|  0%| F|  |TAMS 0x0000000706c00000, 0x0000000706c00000| Untracked 
|  46|0x0000000706e00000, 0x0000000706e00000, 0x0000000707000000|  0%| F|  |TAMS 0x0000000706e00000, 0x0000000706e00000| Untracked 
|  47|0x0000000707000000, 0x0000000707000000, 0x0000000707200000|  0%| F|  |TAMS 0x0000000707000000, 0x0000000707000000| Untracked 
|  48|0x0000000707200000, 0x0000000707200000, 0x0000000707400000|  0%| F|  |TAMS 0x0000000707200000, 0x0000000707200000| Untracked 
|  49|0x0000000707400000, 0x0000000707400000, 0x0000000707600000|  0%| F|  |TAMS 0x0000000707400000, 0x0000000707400000| Untracked 
|  50|0x0000000707600000, 0x0000000707600000, 0x0000000707800000|  0%| F|  |TAMS 0x0000000707600000, 0x0000000707600000| Untracked 
|  51|0x0000000707800000, 0x0000000707800000, 0x0000000707a00000|  0%| F|  |TAMS 0x0000000707800000, 0x0000000707800000| Untracked 
|  52|0x0000000707a00000, 0x0000000707a00000, 0x0000000707c00000|  0%| F|  |TAMS 0x0000000707a00000, 0x0000000707a00000| Untracked 
|  53|0x0000000707c00000, 0x0000000707c00000, 0x0000000707e00000|  0%| F|  |TAMS 0x0000000707c00000, 0x0000000707c00000| Untracked 
|  54|0x0000000707e00000, 0x0000000707e00000, 0x0000000708000000|  0%| F|  |TAMS 0x0000000707e00000, 0x0000000707e00000| Untracked 
|  55|0x0000000708000000, 0x0000000708000000, 0x0000000708200000|  0%| F|  |TAMS 0x0000000708000000, 0x0000000708000000| Untracked 
|  56|0x0000000708200000, 0x0000000708200000, 0x0000000708400000|  0%| F|  |TAMS 0x0000000708200000, 0x0000000708200000| Untracked 
|  57|0x0000000708400000, 0x0000000708400000, 0x0000000708600000|  0%| F|  |TAMS 0x0000000708400000, 0x0000000708400000| Untracked 
|  58|0x0000000708600000, 0x0000000708600000, 0x0000000708800000|  0%| F|  |TAMS 0x0000000708600000, 0x0000000708600000| Untracked 
|  59|0x0000000708800000, 0x0000000708800000, 0x0000000708a00000|  0%| F|  |TAMS 0x0000000708800000, 0x0000000708800000| Untracked 
|  60|0x0000000708a00000, 0x0000000708a00000, 0x0000000708c00000|  0%| F|  |TAMS 0x0000000708a00000, 0x0000000708a00000| Untracked 
|  61|0x0000000708c00000, 0x0000000708c00000, 0x0000000708e00000|  0%| F|  |TAMS 0x0000000708c00000, 0x0000000708c00000| Untracked 
|  62|0x0000000708e00000, 0x0000000708e00000, 0x0000000709000000|  0%| F|  |TAMS 0x0000000708e00000, 0x0000000708e00000| Untracked 
|  63|0x0000000709000000, 0x0000000709000000, 0x0000000709200000|  0%| F|  |TAMS 0x0000000709000000, 0x0000000709000000| Untracked 
|  64|0x0000000709200000, 0x0000000709200000, 0x0000000709400000|  0%| F|  |TAMS 0x0000000709200000, 0x0000000709200000| Untracked 
|  65|0x0000000709400000, 0x0000000709400000, 0x0000000709600000|  0%| F|  |TAMS 0x0000000709400000, 0x0000000709400000| Untracked 
|  66|0x0000000709600000, 0x0000000709600000, 0x0000000709800000|  0%| F|  |TAMS 0x0000000709600000, 0x0000000709600000| Untracked 
|  67|0x0000000709800000, 0x0000000709800000, 0x0000000709a00000|  0%| F|  |TAMS 0x0000000709800000, 0x0000000709800000| Untracked 
|  68|0x0000000709a00000, 0x0000000709a00000, 0x0000000709c00000|  0%| F|  |TAMS 0x0000000709a00000, 0x0000000709a00000| Untracked 
|  69|0x0000000709c00000, 0x0000000709c00000, 0x0000000709e00000|  0%| F|  |TAMS 0x0000000709c00000, 0x0000000709c00000| Untracked 
|  70|0x0000000709e00000, 0x0000000709e00000, 0x000000070a000000|  0%| F|  |TAMS 0x0000000709e00000, 0x0000000709e00000| Untracked 
|  71|0x000000070a000000, 0x000000070a000000, 0x000000070a200000|  0%| F|  |TAMS 0x000000070a000000, 0x000000070a000000| Untracked 
|  72|0x000000070a200000, 0x000000070a200000, 0x000000070a400000|  0%| F|  |TAMS 0x000000070a200000, 0x000000070a200000| Untracked 
|  73|0x000000070a400000, 0x000000070a400000, 0x000000070a600000|  0%| F|  |TAMS 0x000000070a400000, 0x000000070a400000| Untracked 
|  74|0x000000070a600000, 0x000000070a600000, 0x000000070a800000|  0%| F|  |TAMS 0x000000070a600000, 0x000000070a600000| Untracked 
|  75|0x000000070a800000, 0x000000070a800000, 0x000000070aa00000|  0%| F|  |TAMS 0x000000070a800000, 0x000000070a800000| Untracked 
|  76|0x000000070aa00000, 0x000000070aa00000, 0x000000070ac00000|  0%| F|  |TAMS 0x000000070aa00000, 0x000000070aa00000| Untracked 
|  77|0x000000070ac00000, 0x000000070ac00000, 0x000000070ae00000|  0%| F|  |TAMS 0x000000070ac00000, 0x000000070ac00000| Untracked 
|  78|0x000000070ae00000, 0x000000070ae00000, 0x000000070b000000|  0%| F|  |TAMS 0x000000070ae00000, 0x000000070ae00000| Untracked 
|  79|0x000000070b000000, 0x000000070b000000, 0x000000070b200000|  0%| F|  |TAMS 0x000000070b000000, 0x000000070b000000| Untracked 
|  80|0x000000070b200000, 0x000000070b200000, 0x000000070b400000|  0%| F|  |TAMS 0x000000070b200000, 0x000000070b200000| Untracked 
|  81|0x000000070b400000, 0x000000070b400000, 0x000000070b600000|  0%| F|  |TAMS 0x000000070b400000, 0x000000070b400000| Untracked 
|  82|0x000000070b600000, 0x000000070b600000, 0x000000070b800000|  0%| F|  |TAMS 0x000000070b600000, 0x000000070b600000| Untracked 
|  83|0x000000070b800000, 0x000000070b800000, 0x000000070ba00000|  0%| F|  |TAMS 0x000000070b800000, 0x000000070b800000| Untracked 
|  84|0x000000070ba00000, 0x000000070ba00000, 0x000000070bc00000|  0%| F|  |TAMS 0x000000070ba00000, 0x000000070ba00000| Untracked 
|  85|0x000000070bc00000, 0x000000070bc00000, 0x000000070be00000|  0%| F|  |TAMS 0x000000070bc00000, 0x000000070bc00000| Untracked 
|  86|0x000000070be00000, 0x000000070be00000, 0x000000070c000000|  0%| F|  |TAMS 0x000000070be00000, 0x000000070be00000| Untracked 
|  87|0x000000070c000000, 0x000000070c000000, 0x000000070c200000|  0%| F|  |TAMS 0x000000070c000000, 0x000000070c000000| Untracked 
|  88|0x000000070c200000, 0x000000070c200000, 0x000000070c400000|  0%| F|  |TAMS 0x000000070c200000, 0x000000070c200000| Untracked 
|  89|0x000000070c400000, 0x000000070c400000, 0x000000070c600000|  0%| F|  |TAMS 0x000000070c400000, 0x000000070c400000| Untracked 
|  90|0x000000070c600000, 0x000000070c600000, 0x000000070c800000|  0%| F|  |TAMS 0x000000070c600000, 0x000000070c600000| Untracked 
|  91|0x000000070c800000, 0x000000070c800000, 0x000000070ca00000|  0%| F|  |TAMS 0x000000070c800000, 0x000000070c800000| Untracked 
|  92|0x000000070ca00000, 0x000000070ca00000, 0x000000070cc00000|  0%| F|  |TAMS 0x000000070ca00000, 0x000000070ca00000| Untracked 
|  93|0x000000070cc00000, 0x000000070cc00000, 0x000000070ce00000|  0%| F|  |TAMS 0x000000070cc00000, 0x000000070cc00000| Untracked 
|  94|0x000000070ce00000, 0x000000070ce00000, 0x000000070d000000|  0%| F|  |TAMS 0x000000070ce00000, 0x000000070ce00000| Untracked 
|  95|0x000000070d000000, 0x000000070d000000, 0x000000070d200000|  0%| F|  |TAMS 0x000000070d000000, 0x000000070d000000| Untracked 
|  96|0x000000070d200000, 0x000000070d200000, 0x000000070d400000|  0%| F|  |TAMS 0x000000070d200000, 0x000000070d200000| Untracked 
|  97|0x000000070d400000, 0x000000070d400000, 0x000000070d600000|  0%| F|  |TAMS 0x000000070d400000, 0x000000070d400000| Untracked 
|  98|0x000000070d600000, 0x000000070d600000, 0x000000070d800000|  0%| F|  |TAMS 0x000000070d600000, 0x000000070d600000| Untracked 
|  99|0x000000070d800000, 0x000000070d800000, 0x000000070da00000|  0%| F|  |TAMS 0x000000070d800000, 0x000000070d800000| Untracked 
| 100|0x000000070da00000, 0x000000070da00000, 0x000000070dc00000|  0%| F|  |TAMS 0x000000070da00000, 0x000000070da00000| Untracked 
| 101|0x000000070dc00000, 0x000000070dc00000, 0x000000070de00000|  0%| F|  |TAMS 0x000000070dc00000, 0x000000070dc00000| Untracked 
| 102|0x000000070de00000, 0x000000070de00000, 0x000000070e000000|  0%| F|  |TAMS 0x000000070de00000, 0x000000070de00000| Untracked 
| 103|0x000000070e000000, 0x000000070e000000, 0x000000070e200000|  0%| F|  |TAMS 0x000000070e000000, 0x000000070e000000| Untracked 
| 104|0x000000070e200000, 0x000000070e200000, 0x000000070e400000|  0%| F|  |TAMS 0x000000070e200000, 0x000000070e200000| Untracked 
| 105|0x000000070e400000, 0x000000070e400000, 0x000000070e600000|  0%| F|  |TAMS 0x000000070e400000, 0x000000070e400000| Untracked 
| 106|0x000000070e600000, 0x000000070e600000, 0x000000070e800000|  0%| F|  |TAMS 0x000000070e600000, 0x000000070e600000| Untracked 
| 107|0x000000070e800000, 0x000000070e800000, 0x000000070ea00000|  0%| F|  |TAMS 0x000000070e800000, 0x000000070e800000| Untracked 
| 108|0x000000070ea00000, 0x000000070ea00000, 0x000000070ec00000|  0%| F|  |TAMS 0x000000070ea00000, 0x000000070ea00000| Untracked 
| 109|0x000000070ec00000, 0x000000070ec00000, 0x000000070ee00000|  0%| F|  |TAMS 0x000000070ec00000, 0x000000070ec00000| Untracked 
| 110|0x000000070ee00000, 0x000000070ee00000, 0x000000070f000000|  0%| F|  |TAMS 0x000000070ee00000, 0x000000070ee00000| Untracked 
| 111|0x000000070f000000, 0x000000070f000000, 0x000000070f200000|  0%| F|  |TAMS 0x000000070f000000, 0x000000070f000000| Untracked 
| 112|0x000000070f200000, 0x000000070f200000, 0x000000070f400000|  0%| F|  |TAMS 0x000000070f200000, 0x000000070f200000| Untracked 
| 113|0x000000070f400000, 0x000000070f400000, 0x000000070f600000|  0%| F|  |TAMS 0x000000070f400000, 0x000000070f400000| Untracked 
| 114|0x000000070f600000, 0x000000070f600000, 0x000000070f800000|  0%| F|  |TAMS 0x000000070f600000, 0x000000070f600000| Untracked 
| 115|0x000000070f800000, 0x000000070f800000, 0x000000070fa00000|  0%| F|  |TAMS 0x000000070f800000, 0x000000070f800000| Untracked 
| 116|0x000000070fa00000, 0x000000070fa00000, 0x000000070fc00000|  0%| F|  |TAMS 0x000000070fa00000, 0x000000070fa00000| Untracked 
| 117|0x000000070fc00000, 0x000000070fc00000, 0x000000070fe00000|  0%| F|  |TAMS 0x000000070fc00000, 0x000000070fc00000| Untracked 
| 118|0x000000070fe00000, 0x000000070fecd4f0, 0x0000000710000000| 40%| E|  |TAMS 0x000000070fe00000, 0x000000070fe00000| Complete 
| 119|0x0000000710000000, 0x0000000710200000, 0x0000000710200000|100%| E|CS|TAMS 0x0000000710000000, 0x0000000710000000| Complete 
| 120|0x0000000710200000, 0x0000000710400000, 0x0000000710400000|100%| E|CS|TAMS 0x0000000710200000, 0x0000000710200000| Complete 
| 121|0x0000000710400000, 0x0000000710600000, 0x0000000710600000|100%| E|CS|TAMS 0x0000000710400000, 0x0000000710400000| Complete 
| 122|0x0000000710600000, 0x0000000710800000, 0x0000000710800000|100%| E|CS|TAMS 0x0000000710600000, 0x0000000710600000| Complete 
| 123|0x0000000710800000, 0x0000000710a00000, 0x0000000710a00000|100%| E|CS|TAMS 0x0000000710800000, 0x0000000710800000| Complete 
| 124|0x0000000710a00000, 0x0000000710c00000, 0x0000000710c00000|100%| E|CS|TAMS 0x0000000710a00000, 0x0000000710a00000| Complete 
| 125|0x0000000710c00000, 0x0000000710e00000, 0x0000000710e00000|100%| E|CS|TAMS 0x0000000710c00000, 0x0000000710c00000| Complete 
| 126|0x0000000710e00000, 0x0000000711000000, 0x0000000711000000|100%| E|CS|TAMS 0x0000000710e00000, 0x0000000710e00000| Complete 
| 127|0x0000000711000000, 0x0000000711200000, 0x0000000711200000|100%| E|CS|TAMS 0x0000000711000000, 0x0000000711000000| Complete 

Card table byte_map: [0x000002a1784c0000,0x000002a178cc0000] _byte_map_base: 0x000002a174cb7000

Marking Bits (Prev, Next): (CMBitMap*) 0x000002a174562f00, (CMBitMap*) 0x000002a174562f40
 Prev Bits: [0x000002a1794c0000, 0x000002a17d478000)
 Next Bits: [0x000002a10f000000, 0x000002a112fb8000)

Polling page: 0x000002a173ce0000

Metaspace:

Usage:
  Non-class:     10.18 MB used.
      Class:    991.52 KB used.
       Both:     11.15 MB used.

Virtual space:
  Non-class space:       16.00 MB reserved,      10.25 MB ( 64%) committed,  2 nodes.
      Class space:        1.00 GB reserved,       1.06 MB ( <1%) committed,  1 nodes.
             Both:        1.02 GB reserved,      11.31 MB (  1%) committed. 

Chunk freelists:
   Non-Class:  1020.00 KB
       Class:  2.90 MB
        Both:  3.90 MB

MaxMetaspaceSize: unlimited
CompressedClassSpaceSize: 1.00 GB
Initial GC threshold: 21.00 MB
Current GC threshold: 21.00 MB
CDS: off
MetaspaceReclaimPolicy: balanced
 - commit_granule_bytes: 65536.
 - commit_granule_words: 8192.
 - virtual_space_node_default_size: 1048576.
 - enlarge_chunks_in_place: 1.
 - new_chunks_are_fully_committed: 0.
 - uncommit_free_chunks: 1.
 - use_allocation_guard: 0.
 - handle_deallocations: 1.


Internal statistics:

num_allocs_failed_limit: 0.
num_arena_births: 10.
num_arena_deaths: 0.
num_vsnodes_births: 3.
num_vsnodes_deaths: 0.
num_space_committed: 181.
num_space_uncommitted: 0.
num_chunks_returned_to_freelist: 0.
num_chunks_taken_from_freelist: 73.
num_chunk_merges: 0.
num_chunk_splits: 43.
num_chunks_enlarged: 36.
num_purges: 0.
num_inconsistent_stats: 0.

CodeHeap 'non-profiled nmethods': size=120000Kb used=307Kb max_used=307Kb free=119692Kb
 bounds [0x000002a107ad0000, 0x000002a107d40000, 0x000002a10f000000]
CodeHeap 'profiled nmethods': size=120000Kb used=1593Kb max_used=1593Kb free=118406Kb
 bounds [0x000002a1005a0000, 0x000002a100810000, 0x000002a107ad0000]
CodeHeap 'non-nmethods': size=5760Kb used=1207Kb max_used=1232Kb free=4552Kb
 bounds [0x000002a100000000, 0x000002a100270000, 0x000002a1005a0000]
 total_blobs=1237 nmethods=811 adapters=339
 compilation: enabled
              stopped_count=0, restarted_count=0
 full_count=0

Compilation events (20 events):
Event: 10.331 Thread 0x000002a113867410  776       3       sun.util.locale.BaseLocale::convertOldISOCodes (238 bytes)
Event: 10.331 Thread 0x000002a113867410 nmethod 776 0x000002a100715f90 code [0x000002a1007161c0, 0x000002a100716908]
Event: 10.332 Thread 0x000002a113867410  790       3       sun.util.locale.LanguageTag::isExtlang (21 bytes)
Event: 10.333 Thread 0x000002a113867410 nmethod 790 0x000002a100716a90 code [0x000002a100716cc0, 0x000002a100717658]
Event: 10.333 Thread 0x000002a113867410  791       3       sun.util.locale.LanguageTag::isScript (21 bytes)
Event: 10.333 Thread 0x000002a113867410 nmethod 791 0x000002a100717990 code [0x000002a100717bc0, 0x000002a100718558]
Event: 10.333 Thread 0x000002a113867410  795       3       sun.util.locale.LocaleUtils::toTitleString (139 bytes)
Event: 10.334 Thread 0x000002a113867410 nmethod 795 0x000002a100718890 code [0x000002a100718c20, 0x000002a10071a688]
Event: 10.334 Thread 0x000002a113867410  793       3       java.util.Locale::getInstance (55 bytes)
Event: 10.334 Thread 0x000002a113867410 nmethod 793 0x000002a10071af90 code [0x000002a10071b1a0, 0x000002a10071b9d8]
Event: 10.334 Thread 0x000002a113867410  794       3       sun.util.locale.InternalLocaleBuilder::<init> (29 bytes)
Event: 10.335 Thread 0x000002a113867410 nmethod 794 0x000002a10071bc10 code [0x000002a10071bdc0, 0x000002a10071c118]
Event: 10.335 Thread 0x000002a113867410  800       3       sun.util.locale.StringTokenIterator::<init> (41 bytes)
Event: 10.335 Thread 0x000002a113864b00  805       4       java.util.HashMap::getNode (150 bytes)
Event: 10.335 Thread 0x000002a113867410 nmethod 800 0x000002a10071c210 code [0x000002a10071c440, 0x000002a10071cc68]
Event: 10.335 Thread 0x000002a113867410  801       3       sun.util.locale.StringTokenIterator::setStart (62 bytes)
Event: 10.335 Thread 0x000002a113867410 nmethod 801 0x000002a10071cf90 code [0x000002a10071d180, 0x000002a10071d5a8]
Event: 10.335 Thread 0x000002a113867410  802       3       sun.util.locale.LanguageTag::<init> (50 bytes)
Event: 10.335 Thread 0x000002a113867410 nmethod 802 0x000002a10071d790 code [0x000002a10071d980, 0x000002a10071df38]
Event: 10.335 Thread 0x000002a113867410  803       3       sun.util.locale.LanguageTag::parseLanguage (55 bytes)

GC Heap History (0 events):
No events

Deoptimization events (20 events):
Event: 4.387 Thread 0x000002a174512d30 DEOPT PACKING pc=0x000002a100649dfc sp=0x000000d6f65fb790
Event: 4.387 Thread 0x000002a174512d30 DEOPT UNPACKING pc=0x000002a100052b43 sp=0x000000d6f65fabf8 mode 0
Event: 4.387 Thread 0x000002a174512d30 DEOPT PACKING pc=0x000002a100649dfc sp=0x000000d6f65fb790
Event: 4.387 Thread 0x000002a174512d30 DEOPT UNPACKING pc=0x000002a100052b43 sp=0x000000d6f65fabf8 mode 0
Event: 4.387 Thread 0x000002a174512d30 DEOPT PACKING pc=0x000002a100649dfc sp=0x000000d6f65fb790
Event: 4.387 Thread 0x000002a174512d30 DEOPT UNPACKING pc=0x000002a100052b43 sp=0x000000d6f65fabf8 mode 0
Event: 4.387 Thread 0x000002a174512d30 DEOPT PACKING pc=0x000002a100649ed4 sp=0x000000d6f65fb790
Event: 4.387 Thread 0x000002a174512d30 DEOPT UNPACKING pc=0x000002a100052b43 sp=0x000000d6f65fabf8 mode 0
Event: 4.387 Thread 0x000002a174512d30 DEOPT PACKING pc=0x000002a100649ed4 sp=0x000000d6f65fb790
Event: 4.387 Thread 0x000002a174512d30 DEOPT UNPACKING pc=0x000002a100052b43 sp=0x000000d6f65fabf8 mode 0
Event: 4.387 Thread 0x000002a174512d30 DEOPT PACKING pc=0x000002a100649ed4 sp=0x000000d6f65fb790
Event: 4.387 Thread 0x000002a174512d30 DEOPT UNPACKING pc=0x000002a100052b43 sp=0x000000d6f65fabf8 mode 0
Event: 4.387 Thread 0x000002a174512d30 DEOPT PACKING pc=0x000002a100649ed4 sp=0x000000d6f65fb790
Event: 4.387 Thread 0x000002a174512d30 DEOPT UNPACKING pc=0x000002a100052b43 sp=0x000000d6f65fabf8 mode 0
Event: 6.860 Thread 0x000002a174512d30 Uncommon trap: trap_request=0xffffff45 fr.pc=0x000002a107af1f18 relative=0x00000000000000f8
Event: 6.860 Thread 0x000002a174512d30 Uncommon trap: reason=unstable_if action=reinterpret pc=0x000002a107af1f18 method=java.lang.CharacterDataLatin1.digit(II)I @ 12 c2
Event: 6.860 Thread 0x000002a174512d30 DEOPT PACKING pc=0x000002a107af1f18 sp=0x000000d6f65fbdf0
Event: 6.860 Thread 0x000002a174512d30 DEOPT UNPACKING pc=0x000002a1000523a3 sp=0x000000d6f65fbcb8 mode 2
Event: 6.860 Thread 0x000002a174512d30 DEOPT PACKING pc=0x000002a100657779 sp=0x000000d6f65fbe20
Event: 6.860 Thread 0x000002a174512d30 DEOPT UNPACKING pc=0x000002a100052b43 sp=0x000000d6f65fb280 mode 0

Classes unloaded (0 events):
No events

Classes redefined (0 events):
No events

Internal exceptions (2 events):
Event: 6.858 Thread 0x000002a174512d30 Exception <a 'java/lang/ClassNotFoundException'{0x000000071000a278}: javax/smartcardio/CardPermission> (0x000000071000a278) 
thrown [e:\jenkins\tmp\workspace\build\src\src\hotspot\share\classfile\systemDictionary.cpp, line 256]
Event: 6.861 Thread 0x000002a174512d30 Exception <a 'java/io/FileNotFoundException'{0x000000071001ad78}> (0x000000071001ad78) 
thrown [e:\jenkins\tmp\workspace\build\src\src\hotspot\share\prims\jni.cpp, line 516]

VM Operations (20 events):
Event: 2.144 Executing VM operation: Cleanup
Event: 2.288 Executing VM operation: Cleanup done
Event: 2.372 Executing VM operation: HandshakeAllThreads
Event: 2.372 Executing VM operation: HandshakeAllThreads done
Event: 2.948 Executing VM operation: ChangeBreakpoints
Event: 2.963 Executing VM operation: ChangeBreakpoints done
Event: 3.062 Executing VM operation: ChangeBreakpoints
Event: 3.062 Executing VM operation: ChangeBreakpoints done
Event: 4.068 Executing VM operation: Cleanup
Event: 4.068 Executing VM operation: Cleanup done
Event: 5.074 Executing VM operation: Cleanup
Event: 5.074 Executing VM operation: Cleanup done
Event: 6.097 Executing VM operation: Cleanup
Event: 6.194 Executing VM operation: Cleanup done
Event: 6.819 Executing VM operation: HandshakeAllThreads
Event: 6.819 Executing VM operation: HandshakeAllThreads done
Event: 7.834 Executing VM operation: Cleanup
Event: 8.823 Executing VM operation: Cleanup done
Event: 9.833 Executing VM operation: Cleanup
Event: 10.211 Executing VM operation: Cleanup done

Events (20 events):
Event: 10.285 loading class java/util/spi/TimeZoneNameProvider
Event: 10.286 loading class java/util/spi/TimeZoneNameProvider done
Event: 10.286 loading class sun/util/locale/provider/CalendarDataUtility$CalendarWeekParameterGetter
Event: 10.286 loading class sun/util/locale/provider/LocaleServiceProviderPool$LocalizedObjectGetter
Event: 10.286 loading class sun/util/locale/provider/LocaleServiceProviderPool$LocalizedObjectGetter done
Event: 10.286 loading class sun/util/locale/provider/CalendarDataUtility$CalendarWeekParameterGetter done
Event: 10.286 loading class java/util/ResourceBundle$Control
Event: 10.286 loading class java/util/ResourceBundle$Control done
Event: 10.286 loading class java/util/ResourceBundle
Event: 10.286 loading class java/util/ResourceBundle done
Event: 10.287 loading class java/util/ResourceBundle$Control$CandidateListCache
Event: 10.287 loading class java/util/ResourceBundle$Control$CandidateListCache done
Event: 10.287 loading class java/util/ResourceBundle$NoFallbackControl
Event: 10.287 loading class java/util/ResourceBundle$SingleFormatControl
Event: 10.287 loading class java/util/ResourceBundle$SingleFormatControl done
Event: 10.287 loading class java/util/ResourceBundle$NoFallbackControl done
Event: 10.287 loading class sun/util/cldr/CLDRCalendarDataProviderImpl
Event: 10.287 loading class sun/util/locale/provider/CalendarDataProviderImpl
Event: 10.287 loading class sun/util/locale/provider/CalendarDataProviderImpl done
Event: 10.287 loading class sun/util/cldr/CLDRCalendarDataProviderImpl done


Dynamic libraries:
0x00007ff70a0f0000 - 0x00007ff70a0fe000 	C:\Users\Baba\.p2\pool\plugins\org.eclipse.justj.openjdk.hotspot.jre.full.win32.x86_64_17.0.1.v20211116-1657\jre\bin\javaw.exe
0x00007ffea9690000 - 0x00007ffea9885000 	C:\Windows\SYSTEM32\ntdll.dll
0x00007ffe85c80000 - 0x00007ffe85c96000 	F:\Avast\aswhook.dll
0x00007ffea7a30000 - 0x00007ffea7aee000 	C:\Windows\System32\KERNEL32.DLL
0x00007ffea6fd0000 - 0x00007ffea7298000 	C:\Windows\System32\KERNELBASE.dll
0x00007ffea73c0000 - 0x00007ffea74c0000 	C:\Windows\System32\ucrtbase.dll
0x00007ffe9e760000 - 0x00007ffe9e778000 	C:\Users\Baba\.p2\pool\plugins\org.eclipse.justj.openjdk.hotspot.jre.full.win32.x86_64_17.0.1.v20211116-1657\jre\bin\jli.dll
0x00007ffea7ba0000 - 0x00007ffea7d40000 	C:\Windows\System32\USER32.dll
0x00007ffea6da0000 - 0x00007ffea6dc2000 	C:\Windows\System32\win32u.dll
0x00007ffea8bc0000 - 0x00007ffea8beb000 	C:\Windows\System32\GDI32.dll
0x00007ffea6ec0000 - 0x00007ffea6fcd000 	C:\Windows\System32\gdi32full.dll
0x00007ffea6dd0000 - 0x00007ffea6e6d000 	C:\Windows\System32\msvcp_win.dll
0x00007ffea0cc0000 - 0x00007ffea0cd9000 	C:\Users\Baba\.p2\pool\plugins\org.eclipse.justj.openjdk.hotspot.jre.full.win32.x86_64_17.0.1.v20211116-1657\jre\bin\VCRUNTIME140.dll
0x00007ffea60b0000 - 0x00007ffea634a000 	C:\Windows\WinSxS\amd64_microsoft.windows.common-controls_6595b64144ccf1df_6.0.19041.1110_none_60b5254171f9507e\COMCTL32.dll
0x00007ffea8c00000 - 0x00007ffea8c9e000 	C:\Windows\System32\msvcrt.dll
0x00007ffea7ef0000 - 0x00007ffea7f20000 	C:\Windows\System32\IMM32.DLL
0x00007ffea10b0000 - 0x00007ffea10bc000 	C:\Users\Baba\.p2\pool\plugins\org.eclipse.justj.openjdk.hotspot.jre.full.win32.x86_64_17.0.1.v20211116-1657\jre\bin\vcruntime140_1.dll
0x00007ffe89fe0000 - 0x00007ffe8a071000 	C:\Users\Baba\.p2\pool\plugins\org.eclipse.justj.openjdk.hotspot.jre.full.win32.x86_64_17.0.1.v20211116-1657\jre\bin\msvcp140.dll
0x00007ffe53510000 - 0x00007ffe54156000 	C:\Users\Baba\.p2\pool\plugins\org.eclipse.justj.openjdk.hotspot.jre.full.win32.x86_64_17.0.1.v20211116-1657\jre\bin\server\jvm.dll
0x00007ffea8ca0000 - 0x00007ffea8d4e000 	C:\Windows\System32\ADVAPI32.dll
0x00007ffea7f20000 - 0x00007ffea7fbc000 	C:\Windows\System32\sechost.dll
0x00007ffea7900000 - 0x00007ffea7a25000 	C:\Windows\System32\RPCRT4.dll
0x00007ffea8bb0000 - 0x00007ffea8bb8000 	C:\Windows\System32\PSAPI.DLL
0x00007ffe932d0000 - 0x00007ffe932d9000 	C:\Windows\SYSTEM32\WSOCK32.dll
0x00007ffea93d0000 - 0x00007ffea943b000 	C:\Windows\System32\WS2_32.dll
0x00007ffe952a0000 - 0x00007ffe952c7000 	C:\Windows\SYSTEM32\WINMM.dll
0x00007ffe9e9a0000 - 0x00007ffe9e9aa000 	C:\Windows\SYSTEM32\VERSION.dll
0x00007ffea3ed0000 - 0x00007ffea3ee2000 	C:\Windows\SYSTEM32\kernel.appcore.dll
0x00007ffea4b50000 - 0x00007ffea4b5a000 	C:\Users\Baba\.p2\pool\plugins\org.eclipse.justj.openjdk.hotspot.jre.full.win32.x86_64_17.0.1.v20211116-1657\jre\bin\jimage.dll
0x00007ffea66e0000 - 0x00007ffea68c4000 	C:\Windows\SYSTEM32\DBGHELP.DLL
0x00007ffea6490000 - 0x00007ffea64bc000 	C:\Windows\SYSTEM32\dbgcore.DLL
0x00007ffea74c0000 - 0x00007ffea7542000 	C:\Windows\System32\bcryptPrimitives.dll
0x00007ffe9e290000 - 0x00007ffe9e2cb000 	C:\Users\Baba\.p2\pool\plugins\org.eclipse.justj.openjdk.hotspot.jre.full.win32.x86_64_17.0.1.v20211116-1657\jre\bin\jdwp.dll
0x00007ffea0200000 - 0x00007ffea020e000 	C:\Users\Baba\.p2\pool\plugins\org.eclipse.justj.openjdk.hotspot.jre.full.win32.x86_64_17.0.1.v20211116-1657\jre\bin\instrument.dll
0x00007ffea1080000 - 0x00007ffea10a5000 	C:\Users\Baba\.p2\pool\plugins\org.eclipse.justj.openjdk.hotspot.jre.full.win32.x86_64_17.0.1.v20211116-1657\jre\bin\java.dll
0x00007ffea1d50000 - 0x00007ffea1d68000 	C:\Users\Baba\.p2\pool\plugins\org.eclipse.justj.openjdk.hotspot.jre.full.win32.x86_64_17.0.1.v20211116-1657\jre\bin\zip.dll
0x00007ffea8100000 - 0x00007ffea8844000 	C:\Windows\System32\SHELL32.dll
0x00007ffea4190000 - 0x00007ffea4924000 	C:\Windows\SYSTEM32\windows.storage.dll
0x00007ffea8850000 - 0x00007ffea8ba5000 	C:\Windows\System32\combase.dll
0x00007ffea6040000 - 0x00007ffea606e000 	C:\Windows\SYSTEM32\Wldp.dll
0x00007ffea9250000 - 0x00007ffea92fd000 	C:\Windows\System32\SHCORE.dll
0x00007ffea8d50000 - 0x00007ffea8da5000 	C:\Windows\System32\shlwapi.dll
0x00007ffea6ce0000 - 0x00007ffea6cff000 	C:\Windows\SYSTEM32\profapi.dll
0x00007ffe9e280000 - 0x00007ffe9e28c000 	C:\Users\Baba\.p2\pool\plugins\org.eclipse.justj.openjdk.hotspot.jre.full.win32.x86_64_17.0.1.v20211116-1657\jre\bin\dt_socket.dll
0x00007ffea5b10000 - 0x00007ffea5b4b000 	C:\Windows\SYSTEM32\IPHLPAPI.DLL
0x00007ffea5e00000 - 0x00007ffea5e6a000 	C:\Windows\system32\mswsock.dll
0x00007ffea5b50000 - 0x00007ffea5c1b000 	C:\Windows\SYSTEM32\DNSAPI.dll
0x00007ffea8bf0000 - 0x00007ffea8bf8000 	C:\Windows\System32\NSI.dll
0x00007ffe94a70000 - 0x00007ffe94a7a000 	C:\Windows\System32\rasadhlp.dll
0x00007ffe94b30000 - 0x00007ffe94baf000 	C:\Windows\System32\fwpuclnt.dll
0x00007ffea76b0000 - 0x00007ffea76d7000 	C:\Windows\System32\bcrypt.dll
0x00007ffea1b20000 - 0x00007ffea1b39000 	C:\Users\Baba\.p2\pool\plugins\org.eclipse.justj.openjdk.hotspot.jre.full.win32.x86_64_17.0.1.v20211116-1657\jre\bin\net.dll
0x00007ffe93e70000 - 0x00007ffe93f7c000 	C:\Windows\SYSTEM32\WINHTTP.dll
0x00007ffea1060000 - 0x00007ffea1075000 	C:\Users\Baba\.p2\pool\plugins\org.eclipse.justj.openjdk.hotspot.jre.full.win32.x86_64_17.0.1.v20211116-1657\jre\bin\nio.dll
0x00007ffea3f90000 - 0x00007ffea3fa0000 	C:\Users\Baba\.p2\pool\plugins\org.eclipse.justj.openjdk.hotspot.jre.full.win32.x86_64_17.0.1.v20211116-1657\jre\bin\verify.dll

dbghelp: loaded successfully - version: 4.0.5 - missing functions: none
symbol engine: initialized successfully - sym options: 0x614 - pdb path: .;C:\Users\Baba\.p2\pool\plugins\org.eclipse.justj.openjdk.hotspot.jre.full.win32.x86_64_17.0.1.v20211116-1657\jre\bin;C:\Windows\SYSTEM32;F:\Avast;C:\Windows\WinSxS\amd64_microsoft.windows.common-controls_6595b64144ccf1df_6.0.19041.1110_none_60b5254171f9507e;C:\Users\Baba\.p2\pool\plugins\org.eclipse.justj.openjdk.hotspot.jre.full.win32.x86_64_17.0.1.v20211116-1657\jre\bin\server

VM Arguments:
jvm_args: -XX:+ShowCodeDetailsInExceptionMessages -agentlib:jdwp=transport=dt_socket,suspend=y,address=localhost:51125 -javaagent:C:\Users\Baba\eclipse\java-2021-09\eclipse\configuration\org.eclipse.osgi\222\0\.cp\lib\javaagent-shaded.jar -Dfile.encoding=UTF-8 
java_command: nefelus.rpg.NefelusApplication
java_class_path (initial): D:\rodrigo\ProjetoParticular\rpg\target\classes;C:\Users\Baba\.m2\repository\org\springdoc\springdoc-openapi-ui\1.5.13\springdoc-openapi-ui-1.5.13.jar;C:\Users\Baba\.m2\repository\org\springdoc\springdoc-openapi-webmvc-core\1.5.13\springdoc-openapi-webmvc-core-1.5.13.jar;C:\Users\Baba\.m2\repository\org\springdoc\springdoc-openapi-common\1.5.13\springdoc-openapi-common-1.5.13.jar;C:\Users\Baba\.m2\repository\io\swagger\core\v3\swagger-models\2.1.11\swagger-models-2.1.11.jar;C:\Users\Baba\.m2\repository\io\swagger\core\v3\swagger-annotations\2.1.11\swagger-annotations-2.1.11.jar;C:\Users\Baba\.m2\repository\io\swagger\core\v3\swagger-integration\2.1.11\swagger-integration-2.1.11.jar;C:\Users\Baba\.m2\repository\io\swagger\core\v3\swagger-core\2.1.11\swagger-core-2.1.11.jar;C:\Users\Baba\.m2\repository\com\fasterxml\jackson\dataformat\jackson-dataformat-yaml\2.13.1\jackson-dataformat-yaml-2.13.1.jar;C:\Users\Baba\.m2\repository\io\github\classgraph\classgraph\4.8.116\classgraph-4.8.116.jar;C:\Users\Baba\.m2\repository\org\apache\commons\commons-lang3\3.12.0\commons-lang3-3.12.0.jar;C:\Users\Baba\.m2\repository\org\webjars\swagger-ui\4.1.2\swagger-ui-4.1.2.jar;C:\Users\Baba\.m2\repository\org\webjars\webjars-locator-core\0.48\webjars-locator-core-0.48.jar;C:\Users\Baba\.m2\repository\org\slf4j\slf4j-api\1.7.32\slf4j-api-1.7.32.jar;C:\Users\Baba\.m2\repository\com\fasterxml\jackson\core\jackson-core\2.13.1\jackson-core-2.13.1.jar;C:\Users\Baba\.m2\repository\commons-codec\commons-codec\1.15\commons-codec-1.15.jar;C:\Users\Baba\.m2\repository\org\springframework\boot\spring-boot-starter-security\2.6.2\spring-boot-starter-security-2.6.2.jar;C:\Users\Baba\.m2\repository\org\springframework\boot\spring-boot-starter\2.6.2\spring-boot-starter-2.6.2.jar;C:\Users\Baba\.m2\repository\org\springframework\boot\spring-boot-starter-logging\2.6.2\spring-boot-starter-logging-2.6.2.jar;C:\Users\Baba\.m2\repository\ch\qos\logback\logback-classic\1.2.9\logbac
Launcher Type: SUN_STANDARD

[Global flags]
     intx CICompilerCount                          = 3                                         {product} {ergonomic}
     uint ConcGCThreads                            = 2                                         {product} {ergonomic}
     uint G1ConcRefinementThreads                  = 6                                         {product} {ergonomic}
   size_t G1HeapRegionSize                         = 2097152                                   {product} {ergonomic}
    uintx GCDrainStackTargetSize                   = 64                                        {product} {ergonomic}
   size_t InitialHeapSize                          = 268435456                                 {product} {ergonomic}
   size_t MarkStackSize                            = 4194304                                   {product} {ergonomic}
   size_t MaxHeapSize                              = 4276092928                                {product} {ergonomic}
   size_t MaxNewSize                               = 2564816896                                {product} {ergonomic}
   size_t MinHeapDeltaBytes                        = 2097152                                   {product} {ergonomic}
   size_t MinHeapSize                              = 8388608                                   {product} {ergonomic}
    uintx NonNMethodCodeHeapSize                   = 5832780                                {pd product} {ergonomic}
    uintx NonProfiledCodeHeapSize                  = 122912730                              {pd product} {ergonomic}
    uintx ProfiledCodeHeapSize                     = 122912730                              {pd product} {ergonomic}
    uintx ReservedCodeCacheSize                    = 251658240                              {pd product} {ergonomic}
     bool SegmentedCodeCache                       = true                                      {product} {ergonomic}
     bool ShowCodeDetailsInExceptionMessages       = true                                   {manageable} {command line}
   size_t SoftMaxHeapSize                          = 4276092928                             {manageable} {ergonomic}
     bool UseCompressedClassPointers               = true                           {product lp64_product} {ergonomic}
     bool UseCompressedOops                        = true                           {product lp64_product} {ergonomic}
     bool UseG1GC                                  = true                                      {product} {ergonomic}
     bool UseLargePagesIndividualAllocation        = false                                  {pd product} {ergonomic}

Logging:
Log output configuration:
 #0: stdout all=warning uptime,level,tags
 #1: stderr all=off uptime,level,tags

Environment Variables:
PATH=C:\Users\Baba\.p2\pool\plugins\org.eclipse.justj.openjdk.hotspot.jre.full.win32.x86_64_17.0.1.v20211116-1657\jre\bin;C:/Users/Baba/.p2/pool/plugins/org.eclipse.justj.openjdk.hotspot.jre.full.win32.x86_64_17.0.1.v20211116-1657/jre/bin/server;C:/Users/Baba/.p2/pool/plugins/org.eclipse.justj.openjdk.hotspot.jre.full.win32.x86_64_17.0.1.v20211116-1657/jre/bin;C:\Program Files\Common Files\Oracle\Java\javapath;C:\Program Files (x86)\Common Files\Oracle\Java\javapath;C:\Windows\system32;C:\Windows;C:\Windows\System32\Wbem;C:\Windows\System32\WindowsPowerShell\v1.0\;C:\Windows\System32\OpenSSH\;C:\Program Files\dotnet\;C:\Program Files\Microsoft SQL Server\130\Tools\Binn\;C:\Program Files\Microsoft SQL Server\Client SDK\ODBC\170\Tools\Binn\;C:\Program Files\NVIDIA Corporation\NVIDIA NvDLISR;C:\Program Files (x86)\NVIDIA Corporation\PhysX\Common;F:\Git\Git\cmd;C:\Program Files\Docker\Docker\resources\bin;C:\ProgramData\DockerDesktop\version-bin;C:\Program Files\Java\jdk1.8.0_311\bin;C:\Program Files\nodejs\;C:\ProgramData\UNIVALI\Portugol Studio;C:\Users\Baba\AppData\Local\Microsoft\WindowsApps;C:\Users\Baba\.dotnet\tools;C:\Users\Baba\AppData\Local\Programs\Microsoft VS Code\bin;C:\Users\Baba\AppData\Roaming\npm;C:\Windows\System32;
USERNAME=Baba
OS=Windows_NT
PROCESSOR_IDENTIFIER=Intel64 Family 6 Model 158 Stepping 10, GenuineIntel



---------------  S Y S T E M  ---------------

OS:
 Windows 10 , 64 bit Build 19041 (10.0.19041.1503)
OS uptime: 0 days 23:31 hours
Hyper-V role detected

CPU: total 6 (initial active 6) (6 cores per cpu, 1 threads per core) family 6 model 158 stepping 10 microcode 0xb4, cx8, cmov, fxsr, mmx, 3dnowpref, sse, sse2, sse3, ssse3, sse4.1, sse4.2, popcnt, lzcnt, tsc, tscinvbit, avx, avx2, aes, erms, clmul, bmi1, bmi2, adx, fma, vzeroupper, clflush, clflushopt, hv

Memory: 4k page, system-wide physical 16304M (7821M free)
TotalPageFile size 18736M (AvailPageFile size 3075M)
current process WorkingSet (physical memory assigned to process): 70M, peak: 70M
current process commit charge ("private bytes"): 350M, peak: 350M

vm_info: OpenJDK 64-Bit Server VM (17.0.1+12) for windows-amd64 JRE (17.0.1+12), built on Oct 20 2021 07:42:55 by "" with MS VC++ 16.7 (VS2019)

END.
