#
# A fatal error has been detected by the Java Runtime Environment:
#
#  EXCEPTION_ACCESS_VIOLATION (0xc0000005) at pc=0x00007ffe5372ebf3, pid=8772, tid=13632
#
# JRE version: OpenJDK Runtime Environment Temurin-17.0.1+12 (17.0.1+12) (build 17.0.1+12)
# Java VM: OpenJDK 64-Bit Server VM Temurin-17.0.1+12 (17.0.1+12, mixed mode, tiered, compressed oops, compressed class ptrs, g1 gc, windows-amd64)
# Problematic frame:
# V  [jvm.dll+0x21ebf3]
#
# No core dump will be written. Minidumps are not enabled by default on client versions of Windows
#
# If you would like to submit a bug report, please visit:
#   https://github.com/adoptium/adoptium-support/issues
#

---------------  S U M M A R Y ------------

Command Line: -Dfile.encoding=UTF-8 -XX:+ShowCodeDetailsInExceptionMessages nefelus.rpg.NefelusApplication

Host: Intel(R) Core(TM) i5-9400F CPU @ 2.90GHz, 6 cores, 15G,  Windows 10 , 64 bit Build 19041 (10.0.19041.1503)
Time: Mon Feb 28 19:54:48 2022 Hora oficial do Brasil elapsed time: 0.927016 seconds (0d 0h 0m 0s)

---------------  T H R E A D  ---------------

Current thread (0x000002250f8692d0):  JavaThread "C2 CompilerThread0" daemon [_thread_in_native, id=13632, stack(0x00000096ef300000,0x00000096ef400000)]


Current CompileTask:
C2:    927 1539       4       java.lang.ClassLoader::checkName (37 bytes)

Stack: [0x00000096ef300000,0x00000096ef400000],  sp=0x00000096ef3fd580,  free space=1013k
Native frames: (J=compiled Java code, j=interpreted, Vv=VM code, C=native code)
V  [jvm.dll+0x21ebf3]
V  [jvm.dll+0x697541]
V  [jvm.dll+0x2171c9]
V  [jvm.dll+0x1a355d]
V  [jvm.dll+0x226e38]
V  [jvm.dll+0x224f7c]
V  [jvm.dll+0x7e3f5b]
V  [jvm.dll+0x7de51a]
V  [jvm.dll+0x673305]
C  [ucrtbase.dll+0x21bb2]
C  [KERNEL32.DLL+0x17034]
C  [ntdll.dll+0x52651]


siginfo: EXCEPTION_ACCESS_VIOLATION (0xc0000005), reading address 0x0000022511f680a0


Register to memory mapping:

RIP=0x00007ffe5372ebf3 jvm.dll
RAX=0x0000022510f69248 points into unknown readable memory: 0x0000022510f690b0 | b0 90 f6 10 25 02 00 00
RBX=0x00000096ef3fd810 is pointing into the stack for thread: 0x000002250f8692d0
RCX=0x00000000f04007cb is an unknown value
RDX=0x000002250fc93ee0 points into unknown readable memory: 0x00000294f04007cb | cb 07 40 f0 94 02 00 00
RSP=0x00000096ef3fd580 is pointing into the stack for thread: 0x000002250f8692d0
RBP=0x00000096ef3fd700 is pointing into the stack for thread: 0x000002250f8692d0
RSI=0x0 is NULL
RDI=0x0000022511f680a0 is an unknown value
R8 =0x0000000000000002 is an unknown value
R9 =0x0 is NULL
R10=0x000002250fc92ed0 points into unknown readable memory: 0x0000000400000003 | 03 00 00 00 04 00 00 00
R11=0x000002250fc93f00 points into unknown readable memory: 0x0e004c4000040000 | 00 00 04 00 40 4c 00 0e
R12=0x0000000000000005 is an unknown value
R13=0x0000022510f69160 points into unknown readable memory: 0x00007ffe53e36a08 | 08 6a e3 53 fe 7f 00 00
R14=0x0000000000000058 is an unknown value
R15=0x0000000000000001 is an unknown value


Registers:
RAX=0x0000022510f69248, RBX=0x00000096ef3fd810, RCX=0x00000000f04007cb, RDX=0x000002250fc93ee0
RSP=0x00000096ef3fd580, RBP=0x00000096ef3fd700, RSI=0x0000000000000000, RDI=0x0000022511f680a0
R8 =0x0000000000000002, R9 =0x0000000000000000, R10=0x000002250fc92ed0, R11=0x000002250fc93f00
R12=0x0000000000000005, R13=0x0000022510f69160, R14=0x0000000000000058, R15=0x0000000000000001
RIP=0x00007ffe5372ebf3, EFLAGS=0x0000000000010246

Top of Stack: (sp=0x00000096ef3fd580)
0x00000096ef3fd580:   00000096ef3fd810 00000096ef3fd700
0x00000096ef3fd590:   00000096ef3fe6c0 00000000000001cf
0x00000096ef3fd5a0:   0000000000000003 00000096ef3fd6d0
0x00000096ef3fd5b0:   00000096ef3fdc60 00000096ef3fd800
0x00000096ef3fd5c0:   00000225100e0810 00007ffe53ba7541
0x00000096ef3fd5d0:   000002250000002b 00000096ef3fd700
0x00000096ef3fd5e0:   000002251124c350 000002257fc0baa0
0x00000096ef3fd5f0:   00000096ef3fe6c0 00007ffe537271c9
0x00000096ef3fd600:   00000225100e0810 00000096ef3fd700
0x00000096ef3fd610:   0000000000000002 0000000000000001
0x00000096ef3fd620:   0000022500100300 0000000000000000
0x00000096ef3fd630:   0000022500100000 0000000000000000
0x00000096ef3fd640:   000002250f8bfb90 000002250f8bfb00
0x00000096ef3fd650:   000002250f8bfb98 00007ffe53e2b30c
0x00000096ef3fd660:   0000000000000000 0000000000000000
0x00000096ef3fd670:   0000000000000000 00007ffe53e2b30c 

Instructions: (pc=0x00007ffe5372ebf3)
0x00007ffe5372eaf3:   88 00 00 00 4c 3b 7c 24 20 0f 83 11 fe ff ff 4c
0x00007ffe5372eb03:   8b 74 24 30 4c 8b 64 24 38 48 8b 7c 24 40 48 8b
0x00007ffe5372eb13:   ac 24 80 00 00 00 48 83 c4 48 41 5f 41 5d 5e 5b
0x00007ffe5372eb23:   c3 cc cc cc cc cc cc cc cc cc cc cc cc 40 53 56
0x00007ffe5372eb33:   57 48 83 ec 30 8b b9 38 02 00 00 48 8b da 2b b9
0x00007ffe5372eb43:   60 02 00 00 48 8b f1 3b 7a 08 72 0a 8b d7 48 8b
0x00007ffe5372eb53:   cb e8 57 32 43 00 48 8b 43 10 48 c7 04 f8 00 00
0x00007ffe5372eb63:   00 00 48 8b 96 c8 02 00 00 48 85 d2 74 08 48 8b
0x00007ffe5372eb73:   cb e8 07 43 e8 ff 48 8b 96 d0 02 00 00 48 85 d2
0x00007ffe5372eb83:   74 08 48 8b cb e8 f3 42 e8 ff 8b 53 18 33 c0 89
0x00007ffe5372eb93:   44 24 50 85 d2 0f 84 f8 00 00 00 48 89 6c 24 58
0x00007ffe5372eba3:   4c 89 64 24 60 4c 89 6c 24 68 4c 89 74 24 28 4c
0x00007ffe5372ebb3:   89 7c 24 20 66 0f 1f 84 00 00 00 00 00 8b c8 48
0x00007ffe5372ebc3:   8b 43 10 4c 8b 2c c8 41 8b 45 1c 85 c0 0f 84 95
0x00007ffe5372ebd3:   00 00 00 45 33 f6 44 8b e0 0f 1f 40 00 49 8b 45
0x00007ffe5372ebe3:   08 49 8b 3c 06 48 85 ff 74 6d 40 f6 c7 01 75 67
0x00007ffe5372ebf3:   48 83 3f fe 74 61 44 8b 7f 28 41 8b f7 c1 ee 05
0x00007ffe5372ec03:   3b 73 20 72 0b 8b d6 48 8d 4b 20 e8 8d 8b 5f 00
0x00007ffe5372ec13:   48 8b 43 28 41 83 e7 1f 48 8d 14 b0 41 0f b6 cf
0x00007ffe5372ec23:   41 b8 01 00 00 00 41 d3 e0 8b 0a 8b c1 41 0b c0
0x00007ffe5372ec33:   89 02 41 85 c8 75 20 8b 73 18 8d 46 01 89 43 18
0x00007ffe5372ec43:   3b 73 08 72 0a 8b d6 48 8b cb e8 5e 31 43 00 48
0x00007ffe5372ec53:   8b 43 10 48 89 3c f0 49 83 c6 08 49 83 ec 01 0f
0x00007ffe5372ec63:   85 78 ff ff ff 8b 53 18 8b 44 24 50 ff c0 89 44
0x00007ffe5372ec73:   24 50 3b c2 0f 82 43 ff ff ff 4c 8b 7c 24 20 4c
0x00007ffe5372ec83:   8b 74 24 28 4c 8b 6c 24 68 4c 8b 64 24 60 48 8b
0x00007ffe5372ec93:   6c 24 58 48 83 c4 30 5f 5e 5b c3 cc cc 40 53 48
0x00007ffe5372eca3:   83 ec 20 48 8b 81 d8 02 00 00 48 8b d9 48 85 c0
0x00007ffe5372ecb3:   75 27 e8 76 3f 00 00 48 8b d0 48 8b 48 10 48 8b
0x00007ffe5372ecc3:   01 48 3b c2 74 06 83 78 38 02 74 06 48 83 c1 08
0x00007ffe5372ecd3:   eb ec 48 89 83 d8 02 00 00 48 83 c4 20 5b c3 cc
0x00007ffe5372ece3:   cc cc cc cc cc cc cc cc cc cc cc cc cc 48 8b c4 


Stack slot to memory mapping:
stack at sp + 0 slots: 0x00000096ef3fd810 is pointing into the stack for thread: 0x000002250f8692d0
stack at sp + 1 slots: 0x00000096ef3fd700 is pointing into the stack for thread: 0x000002250f8692d0
stack at sp + 2 slots: 0x00000096ef3fe6c0 is pointing into the stack for thread: 0x000002250f8692d0
stack at sp + 3 slots: 0x00000000000001cf is an unknown value
stack at sp + 4 slots: 0x0000000000000003 is an unknown value
stack at sp + 5 slots: 0x00000096ef3fd6d0 is pointing into the stack for thread: 0x000002250f8692d0
stack at sp + 6 slots: 0x00000096ef3fdc60 is pointing into the stack for thread: 0x000002250f8692d0
stack at sp + 7 slots: 0x00000096ef3fd800 is pointing into the stack for thread: 0x000002250f8692d0


---------------  P R O C E S S  ---------------

Threads class SMR info:
_java_thread_list=0x0000022510ec4f90, length=16, elements={
0x00000225704e16c0, 0x000002250f808db0, 0x000002250f809ea0, 0x000002250f829d30,
0x000002250f82da10, 0x000002250f82e3c0, 0x000002250f8685f0, 0x000002250f8692d0,
0x000002250f872ce0, 0x000002257fc6a780, 0x000002250f9e3bb0, 0x000002250f9ff2e0,
0x000002250faeb5a0, 0x00000225110e69b0, 0x0000022510f4dba0, 0x0000022510e69080
}

Java Threads: ( => current thread )
  0x00000225704e16c0 JavaThread "main" [_thread_blocked, id=9092, stack(0x00000096ee600000,0x00000096ee700000)]
  0x000002250f808db0 JavaThread "Reference Handler" daemon [_thread_blocked, id=7032, stack(0x00000096eed00000,0x00000096eee00000)]
  0x000002250f809ea0 JavaThread "Finalizer" daemon [_thread_blocked, id=11152, stack(0x00000096eee00000,0x00000096eef00000)]
  0x000002250f829d30 JavaThread "Signal Dispatcher" daemon [_thread_blocked, id=13360, stack(0x00000096eef00000,0x00000096ef000000)]
  0x000002250f82da10 JavaThread "Attach Listener" daemon [_thread_blocked, id=13624, stack(0x00000096ef000000,0x00000096ef100000)]
  0x000002250f82e3c0 JavaThread "Service Thread" daemon [_thread_blocked, id=13528, stack(0x00000096ef100000,0x00000096ef200000)]
  0x000002250f8685f0 JavaThread "Monitor Deflation Thread" daemon [_thread_blocked, id=13636, stack(0x00000096ef200000,0x00000096ef300000)]
=>0x000002250f8692d0 JavaThread "C2 CompilerThread0" daemon [_thread_in_native, id=13632, stack(0x00000096ef300000,0x00000096ef400000)]
  0x000002250f872ce0 JavaThread "C1 CompilerThread0" daemon [_thread_blocked, id=11664, stack(0x00000096ef400000,0x00000096ef500000)]
  0x000002257fc6a780 JavaThread "Sweeper thread" daemon [_thread_blocked, id=14668, stack(0x00000096ef500000,0x00000096ef600000)]
  0x000002250f9e3bb0 JavaThread "Notification Thread" daemon [_thread_blocked, id=14676, stack(0x00000096ef600000,0x00000096ef700000)]
  0x000002250f9ff2e0 JavaThread "Common-Cleaner" daemon [_thread_blocked, id=14732, stack(0x00000096ef800000,0x00000096ef900000)]
  0x000002250faeb5a0 JavaThread "C2 CompilerThread1" daemon [_thread_blocked, id=14736, stack(0x00000096ef900000,0x00000096efa00000)]
  0x00000225110e69b0 JavaThread "Thread-0" [_thread_blocked, id=13336, stack(0x00000096eff00000,0x00000096f0000000)]
  0x0000022510f4dba0 JavaThread "restartedMain" [_thread_in_vm, id=13668, stack(0x00000096f0000000,0x00000096f0100000)]
  0x0000022510e69080 JavaThread "background-preinit" [_thread_in_vm, id=13676, stack(0x00000096f0100000,0x00000096f0200000)]

Other Threads:
  0x000002257fc26a30 VMThread "VM Thread" [stack: 0x00000096eec00000,0x00000096eed00000] [id=9228]
  0x000002250f9e6490 WatcherThread [stack: 0x00000096ef700000,0x00000096ef800000] [id=14712]
  0x000002257052e9d0 GCTaskThread "GC Thread#0" [stack: 0x00000096ee700000,0x00000096ee800000] [id=7596]
  0x0000022510303710 GCTaskThread "GC Thread#1" [stack: 0x00000096efa00000,0x00000096efb00000] [id=2688]
  0x00000225103039c0 GCTaskThread "GC Thread#2" [stack: 0x00000096efb00000,0x00000096efc00000] [id=13920]
  0x0000022510303c70 GCTaskThread "GC Thread#3" [stack: 0x00000096efc00000,0x00000096efd00000] [id=3512]
  0x0000022510303f20 GCTaskThread "GC Thread#4" [stack: 0x00000096efd00000,0x00000096efe00000] [id=9116]
  0x00000225103041d0 GCTaskThread "GC Thread#5" [stack: 0x00000096efe00000,0x00000096eff00000] [id=8628]
  0x0000022570543080 ConcurrentGCThread "G1 Main Marker" [stack: 0x00000096ee800000,0x00000096ee900000] [id=14320]
  0x0000022570543a90 ConcurrentGCThread "G1 Conc#0" [stack: 0x00000096ee900000,0x00000096eea00000] [id=7068]
  0x00000225705aea60 ConcurrentGCThread "G1 Refine#0" [stack: 0x00000096eea00000,0x00000096eeb00000] [id=12364]
  0x000002257fad6630 ConcurrentGCThread "G1 Service" [stack: 0x00000096eeb00000,0x00000096eec00000] [id=360]

Threads with active compile tasks:
C2 CompilerThread0     1000 1539       4       java.lang.ClassLoader::checkName (37 bytes)
C2 CompilerThread1     1000 1706       4       java.util.Objects::equals (23 bytes)

VM state: not at safepoint (normal execution)

VM Mutex/Monitor currently owned by a thread: None

Heap address: 0x0000000701200000, size: 4078 MB, Compressed Oops mode: Zero based, Oop shift amount: 3

CDS archive(s) not mapped
Compressed class space mapped at: 0x0000000800000000-0x0000000840000000, reserved size: 1073741824
Narrow klass base: 0x0000000800000000, Narrow klass shift: 0, Narrow klass range: 0x40000000

GC Precious Log:
 CPUs: 6 total, 6 available
 Memory: 16304M
 Large Page Support: Disabled
 NUMA Support: Disabled
 Compressed Oops: Enabled (Zero based)
 Heap Region Size: 2M
 Heap Min Capacity: 8M
 Heap Initial Capacity: 256M
 Heap Max Capacity: 4078M
 Pre-touch: Disabled
 Parallel Workers: 6
 Concurrent Workers: 2
 Concurrent Refinement Workers: 6
 Periodic GC: Disabled

Heap:
 garbage-first heap   total 262144K, used 10611K [0x0000000701200000, 0x0000000800000000)
  region size 2048K, 4 young (8192K), 2 survivors (4096K)
 Metaspace       used 20158K, committed 20352K, reserved 1073152K
  class space    used 2250K, committed 2368K, reserved 1048576K

Heap Regions: E=young(eden), S=young(survivor), O=old, HS=humongous(starts), HC=humongous(continues), CS=collection set, F=free, OA=open archive, CA=closed archive, TAMS=top-at-mark-start (previous, next)
|   0|0x0000000701200000, 0x0000000701400000, 0x0000000701400000|100%| O|  |TAMS 0x0000000701200000, 0x0000000701200000| Untracked 
|   1|0x0000000701400000, 0x0000000701600000, 0x0000000701600000|100%| O|  |TAMS 0x0000000701400000, 0x0000000701400000| Untracked 
|   2|0x0000000701600000, 0x0000000701800000, 0x0000000701800000|100%| O|  |TAMS 0x0000000701600000, 0x0000000701600000| Untracked 
|   3|0x0000000701800000, 0x000000070183e600, 0x0000000701a00000| 12%| O|  |TAMS 0x0000000701800000, 0x0000000701800000| Untracked 
|   4|0x0000000701a00000, 0x0000000701a00000, 0x0000000701c00000|  0%| F|  |TAMS 0x0000000701a00000, 0x0000000701a00000| Untracked 
|   5|0x0000000701c00000, 0x0000000701c00000, 0x0000000701e00000|  0%| F|  |TAMS 0x0000000701c00000, 0x0000000701c00000| Untracked 
|   6|0x0000000701e00000, 0x0000000701e00000, 0x0000000702000000|  0%| F|  |TAMS 0x0000000701e00000, 0x0000000701e00000| Untracked 
|   7|0x0000000702000000, 0x0000000702000000, 0x0000000702200000|  0%| F|  |TAMS 0x0000000702000000, 0x0000000702000000| Untracked 
|   8|0x0000000702200000, 0x0000000702200000, 0x0000000702400000|  0%| F|  |TAMS 0x0000000702200000, 0x0000000702200000| Untracked 
|   9|0x0000000702400000, 0x0000000702400000, 0x0000000702600000|  0%| F|  |TAMS 0x0000000702400000, 0x0000000702400000| Untracked 
|  10|0x0000000702600000, 0x0000000702600000, 0x0000000702800000|  0%| F|  |TAMS 0x0000000702600000, 0x0000000702600000| Untracked 
|  11|0x0000000702800000, 0x0000000702800000, 0x0000000702a00000|  0%| F|  |TAMS 0x0000000702800000, 0x0000000702800000| Untracked 
|  12|0x0000000702a00000, 0x0000000702a00000, 0x0000000702c00000|  0%| F|  |TAMS 0x0000000702a00000, 0x0000000702a00000| Untracked 
|  13|0x0000000702c00000, 0x0000000702c00000, 0x0000000702e00000|  0%| F|  |TAMS 0x0000000702c00000, 0x0000000702c00000| Untracked 
|  14|0x0000000702e00000, 0x0000000702e00000, 0x0000000703000000|  0%| F|  |TAMS 0x0000000702e00000, 0x0000000702e00000| Untracked 
|  15|0x0000000703000000, 0x0000000703000000, 0x0000000703200000|  0%| F|  |TAMS 0x0000000703000000, 0x0000000703000000| Untracked 
|  16|0x0000000703200000, 0x0000000703200000, 0x0000000703400000|  0%| F|  |TAMS 0x0000000703200000, 0x0000000703200000| Untracked 
|  17|0x0000000703400000, 0x0000000703400000, 0x0000000703600000|  0%| F|  |TAMS 0x0000000703400000, 0x0000000703400000| Untracked 
|  18|0x0000000703600000, 0x0000000703600000, 0x0000000703800000|  0%| F|  |TAMS 0x0000000703600000, 0x0000000703600000| Untracked 
|  19|0x0000000703800000, 0x0000000703800000, 0x0000000703a00000|  0%| F|  |TAMS 0x0000000703800000, 0x0000000703800000| Untracked 
|  20|0x0000000703a00000, 0x0000000703a00000, 0x0000000703c00000|  0%| F|  |TAMS 0x0000000703a00000, 0x0000000703a00000| Untracked 
|  21|0x0000000703c00000, 0x0000000703c00000, 0x0000000703e00000|  0%| F|  |TAMS 0x0000000703c00000, 0x0000000703c00000| Untracked 
|  22|0x0000000703e00000, 0x0000000703e00000, 0x0000000704000000|  0%| F|  |TAMS 0x0000000703e00000, 0x0000000703e00000| Untracked 
|  23|0x0000000704000000, 0x0000000704000000, 0x0000000704200000|  0%| F|  |TAMS 0x0000000704000000, 0x0000000704000000| Untracked 
|  24|0x0000000704200000, 0x0000000704200000, 0x0000000704400000|  0%| F|  |TAMS 0x0000000704200000, 0x0000000704200000| Untracked 
|  25|0x0000000704400000, 0x0000000704400000, 0x0000000704600000|  0%| F|  |TAMS 0x0000000704400000, 0x0000000704400000| Untracked 
|  26|0x0000000704600000, 0x0000000704600000, 0x0000000704800000|  0%| F|  |TAMS 0x0000000704600000, 0x0000000704600000| Untracked 
|  27|0x0000000704800000, 0x0000000704800000, 0x0000000704a00000|  0%| F|  |TAMS 0x0000000704800000, 0x0000000704800000| Untracked 
|  28|0x0000000704a00000, 0x0000000704a00000, 0x0000000704c00000|  0%| F|  |TAMS 0x0000000704a00000, 0x0000000704a00000| Untracked 
|  29|0x0000000704c00000, 0x0000000704c00000, 0x0000000704e00000|  0%| F|  |TAMS 0x0000000704c00000, 0x0000000704c00000| Untracked 
|  30|0x0000000704e00000, 0x0000000704e00000, 0x0000000705000000|  0%| F|  |TAMS 0x0000000704e00000, 0x0000000704e00000| Untracked 
|  31|0x0000000705000000, 0x0000000705000000, 0x0000000705200000|  0%| F|  |TAMS 0x0000000705000000, 0x0000000705000000| Untracked 
|  32|0x0000000705200000, 0x0000000705200000, 0x0000000705400000|  0%| F|  |TAMS 0x0000000705200000, 0x0000000705200000| Untracked 
|  33|0x0000000705400000, 0x0000000705400000, 0x0000000705600000|  0%| F|  |TAMS 0x0000000705400000, 0x0000000705400000| Untracked 
|  34|0x0000000705600000, 0x0000000705600000, 0x0000000705800000|  0%| F|  |TAMS 0x0000000705600000, 0x0000000705600000| Untracked 
|  35|0x0000000705800000, 0x0000000705800000, 0x0000000705a00000|  0%| F|  |TAMS 0x0000000705800000, 0x0000000705800000| Untracked 
|  36|0x0000000705a00000, 0x0000000705a00000, 0x0000000705c00000|  0%| F|  |TAMS 0x0000000705a00000, 0x0000000705a00000| Untracked 
|  37|0x0000000705c00000, 0x0000000705c00000, 0x0000000705e00000|  0%| F|  |TAMS 0x0000000705c00000, 0x0000000705c00000| Untracked 
|  38|0x0000000705e00000, 0x0000000705e00000, 0x0000000706000000|  0%| F|  |TAMS 0x0000000705e00000, 0x0000000705e00000| Untracked 
|  39|0x0000000706000000, 0x0000000706000000, 0x0000000706200000|  0%| F|  |TAMS 0x0000000706000000, 0x0000000706000000| Untracked 
|  40|0x0000000706200000, 0x0000000706200000, 0x0000000706400000|  0%| F|  |TAMS 0x0000000706200000, 0x0000000706200000| Untracked 
|  41|0x0000000706400000, 0x0000000706400000, 0x0000000706600000|  0%| F|  |TAMS 0x0000000706400000, 0x0000000706400000| Untracked 
|  42|0x0000000706600000, 0x0000000706600000, 0x0000000706800000|  0%| F|  |TAMS 0x0000000706600000, 0x0000000706600000| Untracked 
|  43|0x0000000706800000, 0x0000000706800000, 0x0000000706a00000|  0%| F|  |TAMS 0x0000000706800000, 0x0000000706800000| Untracked 
|  44|0x0000000706a00000, 0x0000000706a00000, 0x0000000706c00000|  0%| F|  |TAMS 0x0000000706a00000, 0x0000000706a00000| Untracked 
|  45|0x0000000706c00000, 0x0000000706c00000, 0x0000000706e00000|  0%| F|  |TAMS 0x0000000706c00000, 0x0000000706c00000| Untracked 
|  46|0x0000000706e00000, 0x0000000706e00000, 0x0000000707000000|  0%| F|  |TAMS 0x0000000706e00000, 0x0000000706e00000| Untracked 
|  47|0x0000000707000000, 0x0000000707000000, 0x0000000707200000|  0%| F|  |TAMS 0x0000000707000000, 0x0000000707000000| Untracked 
|  48|0x0000000707200000, 0x0000000707200000, 0x0000000707400000|  0%| F|  |TAMS 0x0000000707200000, 0x0000000707200000| Untracked 
|  49|0x0000000707400000, 0x0000000707400000, 0x0000000707600000|  0%| F|  |TAMS 0x0000000707400000, 0x0000000707400000| Untracked 
|  50|0x0000000707600000, 0x0000000707600000, 0x0000000707800000|  0%| F|  |TAMS 0x0000000707600000, 0x0000000707600000| Untracked 
|  51|0x0000000707800000, 0x0000000707800000, 0x0000000707a00000|  0%| F|  |TAMS 0x0000000707800000, 0x0000000707800000| Untracked 
|  52|0x0000000707a00000, 0x0000000707a00000, 0x0000000707c00000|  0%| F|  |TAMS 0x0000000707a00000, 0x0000000707a00000| Untracked 
|  53|0x0000000707c00000, 0x0000000707c00000, 0x0000000707e00000|  0%| F|  |TAMS 0x0000000707c00000, 0x0000000707c00000| Untracked 
|  54|0x0000000707e00000, 0x0000000707e00000, 0x0000000708000000|  0%| F|  |TAMS 0x0000000707e00000, 0x0000000707e00000| Untracked 
|  55|0x0000000708000000, 0x0000000708000000, 0x0000000708200000|  0%| F|  |TAMS 0x0000000708000000, 0x0000000708000000| Untracked 
|  56|0x0000000708200000, 0x0000000708200000, 0x0000000708400000|  0%| F|  |TAMS 0x0000000708200000, 0x0000000708200000| Untracked 
|  57|0x0000000708400000, 0x0000000708400000, 0x0000000708600000|  0%| F|  |TAMS 0x0000000708400000, 0x0000000708400000| Untracked 
|  58|0x0000000708600000, 0x0000000708600000, 0x0000000708800000|  0%| F|  |TAMS 0x0000000708600000, 0x0000000708600000| Untracked 
|  59|0x0000000708800000, 0x0000000708800000, 0x0000000708a00000|  0%| F|  |TAMS 0x0000000708800000, 0x0000000708800000| Untracked 
|  60|0x0000000708a00000, 0x0000000708a00000, 0x0000000708c00000|  0%| F|  |TAMS 0x0000000708a00000, 0x0000000708a00000| Untracked 
|  61|0x0000000708c00000, 0x0000000708c00000, 0x0000000708e00000|  0%| F|  |TAMS 0x0000000708c00000, 0x0000000708c00000| Untracked 
|  62|0x0000000708e00000, 0x0000000708e00000, 0x0000000709000000|  0%| F|  |TAMS 0x0000000708e00000, 0x0000000708e00000| Untracked 
|  63|0x0000000709000000, 0x0000000709000000, 0x0000000709200000|  0%| F|  |TAMS 0x0000000709000000, 0x0000000709000000| Untracked 
|  64|0x0000000709200000, 0x0000000709200000, 0x0000000709400000|  0%| F|  |TAMS 0x0000000709200000, 0x0000000709200000| Untracked 
|  65|0x0000000709400000, 0x0000000709400000, 0x0000000709600000|  0%| F|  |TAMS 0x0000000709400000, 0x0000000709400000| Untracked 
|  66|0x0000000709600000, 0x0000000709600000, 0x0000000709800000|  0%| F|  |TAMS 0x0000000709600000, 0x0000000709600000| Untracked 
|  67|0x0000000709800000, 0x0000000709800000, 0x0000000709a00000|  0%| F|  |TAMS 0x0000000709800000, 0x0000000709800000| Untracked 
|  68|0x0000000709a00000, 0x0000000709a00000, 0x0000000709c00000|  0%| F|  |TAMS 0x0000000709a00000, 0x0000000709a00000| Untracked 
|  69|0x0000000709c00000, 0x0000000709c00000, 0x0000000709e00000|  0%| F|  |TAMS 0x0000000709c00000, 0x0000000709c00000| Untracked 
|  70|0x0000000709e00000, 0x0000000709e00000, 0x000000070a000000|  0%| F|  |TAMS 0x0000000709e00000, 0x0000000709e00000| Untracked 
|  71|0x000000070a000000, 0x000000070a000000, 0x000000070a200000|  0%| F|  |TAMS 0x000000070a000000, 0x000000070a000000| Untracked 
|  72|0x000000070a200000, 0x000000070a200000, 0x000000070a400000|  0%| F|  |TAMS 0x000000070a200000, 0x000000070a200000| Untracked 
|  73|0x000000070a400000, 0x000000070a400000, 0x000000070a600000|  0%| F|  |TAMS 0x000000070a400000, 0x000000070a400000| Untracked 
|  74|0x000000070a600000, 0x000000070a600000, 0x000000070a800000|  0%| F|  |TAMS 0x000000070a600000, 0x000000070a600000| Untracked 
|  75|0x000000070a800000, 0x000000070a800000, 0x000000070aa00000|  0%| F|  |TAMS 0x000000070a800000, 0x000000070a800000| Untracked 
|  76|0x000000070aa00000, 0x000000070aa00000, 0x000000070ac00000|  0%| F|  |TAMS 0x000000070aa00000, 0x000000070aa00000| Untracked 
|  77|0x000000070ac00000, 0x000000070ac00000, 0x000000070ae00000|  0%| F|  |TAMS 0x000000070ac00000, 0x000000070ac00000| Untracked 
|  78|0x000000070ae00000, 0x000000070ae00000, 0x000000070b000000|  0%| F|  |TAMS 0x000000070ae00000, 0x000000070ae00000| Untracked 
|  79|0x000000070b000000, 0x000000070b000000, 0x000000070b200000|  0%| F|  |TAMS 0x000000070b000000, 0x000000070b000000| Untracked 
|  80|0x000000070b200000, 0x000000070b200000, 0x000000070b400000|  0%| F|  |TAMS 0x000000070b200000, 0x000000070b200000| Untracked 
|  81|0x000000070b400000, 0x000000070b400000, 0x000000070b600000|  0%| F|  |TAMS 0x000000070b400000, 0x000000070b400000| Untracked 
|  82|0x000000070b600000, 0x000000070b600000, 0x000000070b800000|  0%| F|  |TAMS 0x000000070b600000, 0x000000070b600000| Untracked 
|  83|0x000000070b800000, 0x000000070b800000, 0x000000070ba00000|  0%| F|  |TAMS 0x000000070b800000, 0x000000070b800000| Untracked 
|  84|0x000000070ba00000, 0x000000070ba00000, 0x000000070bc00000|  0%| F|  |TAMS 0x000000070ba00000, 0x000000070ba00000| Untracked 
|  85|0x000000070bc00000, 0x000000070bc00000, 0x000000070be00000|  0%| F|  |TAMS 0x000000070bc00000, 0x000000070bc00000| Untracked 
|  86|0x000000070be00000, 0x000000070be00000, 0x000000070c000000|  0%| F|  |TAMS 0x000000070be00000, 0x000000070be00000| Untracked 
|  87|0x000000070c000000, 0x000000070c000000, 0x000000070c200000|  0%| F|  |TAMS 0x000000070c000000, 0x000000070c000000| Untracked 
|  88|0x000000070c200000, 0x000000070c200000, 0x000000070c400000|  0%| F|  |TAMS 0x000000070c200000, 0x000000070c200000| Untracked 
|  89|0x000000070c400000, 0x000000070c400000, 0x000000070c600000|  0%| F|  |TAMS 0x000000070c400000, 0x000000070c400000| Untracked 
|  90|0x000000070c600000, 0x000000070c600000, 0x000000070c800000|  0%| F|  |TAMS 0x000000070c600000, 0x000000070c600000| Untracked 
|  91|0x000000070c800000, 0x000000070c800000, 0x000000070ca00000|  0%| F|  |TAMS 0x000000070c800000, 0x000000070c800000| Untracked 
|  92|0x000000070ca00000, 0x000000070ca00000, 0x000000070cc00000|  0%| F|  |TAMS 0x000000070ca00000, 0x000000070ca00000| Untracked 
|  93|0x000000070cc00000, 0x000000070cc00000, 0x000000070ce00000|  0%| F|  |TAMS 0x000000070cc00000, 0x000000070cc00000| Untracked 
|  94|0x000000070ce00000, 0x000000070ce00000, 0x000000070d000000|  0%| F|  |TAMS 0x000000070ce00000, 0x000000070ce00000| Untracked 
|  95|0x000000070d000000, 0x000000070d000000, 0x000000070d200000|  0%| F|  |TAMS 0x000000070d000000, 0x000000070d000000| Untracked 
|  96|0x000000070d200000, 0x000000070d200000, 0x000000070d400000|  0%| F|  |TAMS 0x000000070d200000, 0x000000070d200000| Untracked 
|  97|0x000000070d400000, 0x000000070d400000, 0x000000070d600000|  0%| F|  |TAMS 0x000000070d400000, 0x000000070d400000| Untracked 
|  98|0x000000070d600000, 0x000000070d600000, 0x000000070d800000|  0%| F|  |TAMS 0x000000070d600000, 0x000000070d600000| Untracked 
|  99|0x000000070d800000, 0x000000070d800000, 0x000000070da00000|  0%| F|  |TAMS 0x000000070d800000, 0x000000070d800000| Untracked 
| 100|0x000000070da00000, 0x000000070da1e928, 0x000000070dc00000|  5%| S|CS|TAMS 0x000000070da00000, 0x000000070da00000| Complete 
| 101|0x000000070dc00000, 0x000000070de00000, 0x000000070de00000|100%| S|CS|TAMS 0x000000070dc00000, 0x000000070dc00000| Complete 
| 102|0x000000070de00000, 0x000000070de00000, 0x000000070e000000|  0%| F|  |TAMS 0x000000070de00000, 0x000000070de00000| Untracked 
| 103|0x000000070e000000, 0x000000070e000000, 0x000000070e200000|  0%| F|  |TAMS 0x000000070e000000, 0x000000070e000000| Untracked 
| 104|0x000000070e200000, 0x000000070e200000, 0x000000070e400000|  0%| F|  |TAMS 0x000000070e200000, 0x000000070e200000| Untracked 
| 105|0x000000070e400000, 0x000000070e400000, 0x000000070e600000|  0%| F|  |TAMS 0x000000070e400000, 0x000000070e400000| Untracked 
| 106|0x000000070e600000, 0x000000070e600000, 0x000000070e800000|  0%| F|  |TAMS 0x000000070e600000, 0x000000070e600000| Untracked 
| 107|0x000000070e800000, 0x000000070e800000, 0x000000070ea00000|  0%| F|  |TAMS 0x000000070e800000, 0x000000070e800000| Untracked 
| 108|0x000000070ea00000, 0x000000070ea00000, 0x000000070ec00000|  0%| F|  |TAMS 0x000000070ea00000, 0x000000070ea00000| Untracked 
| 109|0x000000070ec00000, 0x000000070ec00000, 0x000000070ee00000|  0%| F|  |TAMS 0x000000070ec00000, 0x000000070ec00000| Untracked 
| 110|0x000000070ee00000, 0x000000070ee00000, 0x000000070f000000|  0%| F|  |TAMS 0x000000070ee00000, 0x000000070ee00000| Untracked 
| 111|0x000000070f000000, 0x000000070f000000, 0x000000070f200000|  0%| F|  |TAMS 0x000000070f000000, 0x000000070f000000| Untracked 
| 112|0x000000070f200000, 0x000000070f200000, 0x000000070f400000|  0%| F|  |TAMS 0x000000070f200000, 0x000000070f200000| Untracked 
| 113|0x000000070f400000, 0x000000070f400000, 0x000000070f600000|  0%| F|  |TAMS 0x000000070f400000, 0x000000070f400000| Untracked 
| 114|0x000000070f600000, 0x000000070f600000, 0x000000070f800000|  0%| F|  |TAMS 0x000000070f600000, 0x000000070f600000| Untracked 
| 115|0x000000070f800000, 0x000000070f800000, 0x000000070fa00000|  0%| F|  |TAMS 0x000000070f800000, 0x000000070f800000| Untracked 
| 116|0x000000070fa00000, 0x000000070fa00000, 0x000000070fc00000|  0%| F|  |TAMS 0x000000070fa00000, 0x000000070fa00000| Untracked 
| 117|0x000000070fc00000, 0x000000070fc00000, 0x000000070fe00000|  0%| F|  |TAMS 0x000000070fc00000, 0x000000070fc00000| Untracked 
| 118|0x000000070fe00000, 0x000000070fe00000, 0x0000000710000000|  0%| F|  |TAMS 0x000000070fe00000, 0x000000070fe00000| Untracked 
| 119|0x0000000710000000, 0x0000000710000000, 0x0000000710200000|  0%| F|  |TAMS 0x0000000710000000, 0x0000000710000000| Untracked 
| 120|0x0000000710200000, 0x0000000710200000, 0x0000000710400000|  0%| F|  |TAMS 0x0000000710200000, 0x0000000710200000| Untracked 
| 121|0x0000000710400000, 0x0000000710400000, 0x0000000710600000|  0%| F|  |TAMS 0x0000000710400000, 0x0000000710400000| Untracked 
| 122|0x0000000710600000, 0x0000000710600000, 0x0000000710800000|  0%| F|  |TAMS 0x0000000710600000, 0x0000000710600000| Untracked 
| 123|0x0000000710800000, 0x0000000710800000, 0x0000000710a00000|  0%| F|  |TAMS 0x0000000710800000, 0x0000000710800000| Untracked 
| 124|0x0000000710a00000, 0x0000000710a00000, 0x0000000710c00000|  0%| F|  |TAMS 0x0000000710a00000, 0x0000000710a00000| Untracked 
| 125|0x0000000710c00000, 0x0000000710ce2710, 0x0000000710e00000| 44%| E|  |TAMS 0x0000000710c00000, 0x0000000710c00000| Complete 
| 126|0x0000000710e00000, 0x0000000711000000, 0x0000000711000000|100%| E|CS|TAMS 0x0000000710e00000, 0x0000000710e00000| Complete 
| 127|0x0000000711000000, 0x0000000711200000, 0x0000000711200000|100%| E|CS|TAMS 0x0000000711000000, 0x0000000711000000| Complete 

Card table byte_map: [0x0000022574490000,0x0000022574c90000] _byte_map_base: 0x0000022570c87000

Marking Bits (Prev, Next): (CMBitMap*) 0x000002257052fff0, (CMBitMap*) 0x0000022570530030
 Prev Bits: [0x0000022575490000, 0x0000022579448000)
 Next Bits: [0x0000022579450000, 0x000002257d408000)

Polling page: 0x000002256e4d0000

Metaspace:

Usage:
  Non-class:     17.62 MB used.
      Class:      2.21 MB used.
       Both:     19.83 MB used.

Virtual space:
  Non-class space:       24.00 MB reserved,      17.75 MB ( 74%) committed,  3 nodes.
      Class space:        1.00 GB reserved,       2.31 MB ( <1%) committed,  1 nodes.
             Both:        1.02 GB reserved,      20.06 MB (  2%) committed. 

Chunk freelists:
   Non-Class:  1.77 MB
       Class:  1.53 MB
        Both:  3.30 MB

MaxMetaspaceSize: unlimited
CompressedClassSpaceSize: 1.00 GB
Initial GC threshold: 21.00 MB
Current GC threshold: 21.00 MB
CDS: off
MetaspaceReclaimPolicy: balanced
 - commit_granule_bytes: 65536.
 - commit_granule_words: 8192.
 - virtual_space_node_default_size: 1048576.
 - enlarge_chunks_in_place: 1.
 - new_chunks_are_fully_committed: 0.
 - uncommit_free_chunks: 1.
 - use_allocation_guard: 0.
 - handle_deallocations: 1.


Internal statistics:

num_allocs_failed_limit: 0.
num_arena_births: 124.
num_arena_deaths: 0.
num_vsnodes_births: 4.
num_vsnodes_deaths: 0.
num_space_committed: 321.
num_space_uncommitted: 0.
num_chunks_returned_to_freelist: 0.
num_chunks_taken_from_freelist: 506.
num_chunk_merges: 0.
num_chunk_splits: 321.
num_chunks_enlarged: 249.
num_purges: 0.
num_inconsistent_stats: 0.

CodeHeap 'non-profiled nmethods': size=120000Kb used=677Kb max_used=677Kb free=119323Kb
 bounds [0x0000022507ad0000, 0x0000022507d40000, 0x000002250f000000]
CodeHeap 'profiled nmethods': size=120000Kb used=3151Kb max_used=3151Kb free=116848Kb
 bounds [0x00000225005a0000, 0x00000225008c0000, 0x0000022507ad0000]
CodeHeap 'non-nmethods': size=5760Kb used=1164Kb max_used=1183Kb free=4595Kb
 bounds [0x0000022500000000, 0x0000022500270000, 0x00000225005a0000]
 total_blobs=2164 nmethods=1709 adapters=367
 compilation: enabled
              stopped_count=0, restarted_count=0
 full_count=0

Compilation events (20 events):
Event: 0.913 Thread 0x000002250faeb5a0 1532       4       java.util.concurrent.ConcurrentHashMap$Node::<init> (20 bytes)
Event: 0.913 Thread 0x000002250f872ce0 nmethod 1529 0x0000022500862090 code [0x00000225008623a0, 0x0000022500863618]
Event: 0.913 Thread 0x000002250f872ce0 1531   !   3       java.io.BufferedReader::readLine (327 bytes)
Event: 0.914 Thread 0x000002250f872ce0 nmethod 1531 0x0000022500863c90 code [0x0000022500863fa0, 0x00000225008652d8]
Event: 0.914 Thread 0x000002250f872ce0 1530       3       sun.nio.fs.NativeBuffers::releaseNativeBuffer (97 bytes)
Event: 0.915 Thread 0x000002250faeb5a0 nmethod 1532 0x0000022507b6bb10 code [0x0000022507b6bc80, 0x0000022507b6bed8]
Event: 0.915 Thread 0x000002250f872ce0 nmethod 1530 0x0000022500865d90 code [0x0000022500866080, 0x00000225008673d8]
Event: 0.915 Thread 0x000002250f872ce0 1533       3       java.util.regex.Pattern$GroupHead::match (47 bytes)
Event: 0.915 Thread 0x000002250f872ce0 nmethod 1533 0x0000022500867910 code [0x0000022500867ac0, 0x0000022500867d28]
Event: 0.916 Thread 0x000002250faeb5a0 1534       4       java.lang.String::indexOf (18 bytes)
Event: 0.917 Thread 0x000002250faeb5a0 nmethod 1534 0x0000022507b6bf90 code [0x0000022507b6c120, 0x0000022507b6c4b8]
Event: 0.919 Thread 0x000002250f8692d0 nmethod 1499 0x0000022507b6c710 code [0x0000022507b6c8e0, 0x0000022507b6e028]
Event: 0.920 Thread 0x000002250f872ce0 1535       3       jdk.internal.misc.Unsafe::pickPos (14 bytes)
Event: 0.920 Thread 0x000002250f872ce0 nmethod 1535 0x0000022500867f10 code [0x00000225008680a0, 0x0000022500868198]
Event: 0.920 Thread 0x000002250f872ce0 1537       3       java.util.regex.Pattern$Start::match (90 bytes)
Event: 0.920 Thread 0x000002250f872ce0 nmethod 1537 0x0000022500868210 code [0x00000225008683e0, 0x00000225008687e8]
Event: 0.920 Thread 0x000002250f872ce0 1536       3       java.util.regex.Matcher::find (69 bytes)
Event: 0.920 Thread 0x000002250f872ce0 nmethod 1536 0x0000022500868990 code [0x0000022500868b40, 0x0000022500868e48]
Event: 0.921 Thread 0x000002250faeb5a0 1538       4       java.lang.String::getBytes (44 bytes)
Event: 0.921 Thread 0x000002250f8692d0 1539       4       java.lang.ClassLoader::checkName (37 bytes)

GC Heap History (4 events):
Event: 0.501 GC heap before
{Heap before GC invocations=0 (full 0):
 garbage-first heap   total 262144K, used 18432K [0x0000000701200000, 0x0000000800000000)
  region size 2048K, 10 young (20480K), 0 survivors (0K)
 Metaspace       used 11496K, committed 11712K, reserved 1064960K
  class space    used 1092K, committed 1216K, reserved 1048576K
}
Event: 0.506 GC heap after
{Heap after GC invocations=1 (full 0):
 garbage-first heap   total 262144K, used 6638K [0x0000000701200000, 0x0000000800000000)
  region size 2048K, 2 young (4096K), 2 survivors (4096K)
 Metaspace       used 11496K, committed 11712K, reserved 1064960K
  class space    used 1092K, committed 1216K, reserved 1048576K
}
Event: 0.520 GC heap before
{Heap before GC invocations=1 (full 0):
 garbage-first heap   total 262144K, used 23022K [0x0000000701200000, 0x0000000800000000)
  region size 2048K, 11 young (22528K), 2 survivors (4096K)
 Metaspace       used 11512K, committed 11712K, reserved 1064960K
  class space    used 1092K, committed 1216K, reserved 1048576K
}
Event: 0.521 GC heap after
{Heap after GC invocations=2 (full 0):
 garbage-first heap   total 262144K, used 6732K [0x0000000701200000, 0x0000000800000000)
  region size 2048K, 1 young (2048K), 1 survivors (2048K)
 Metaspace       used 11512K, committed 11712K, reserved 1064960K
  class space    used 1092K, committed 1216K, reserved 1048576K
}

Deoptimization events (20 events):
Event: 0.798 Thread 0x0000022510f4dba0 DEOPT PACKING pc=0x0000022507b279d4 sp=0x00000096f00fdb00
Event: 0.798 Thread 0x0000022510f4dba0 DEOPT UNPACKING pc=0x00000225000523a3 sp=0x00000096f00fda78 mode 2
Event: 0.813 Thread 0x0000022510f4dba0 Uncommon trap: trap_request=0xffffff45 fr.pc=0x0000022507b37138 relative=0x0000000000001118
Event: 0.813 Thread 0x0000022510f4dba0 Uncommon trap: reason=unstable_if action=reinterpret pc=0x0000022507b37138 method=java.util.concurrent.ConcurrentHashMap.putVal(Ljava/lang/Object;Ljava/lang/Object;Z)Ljava/lang/Object; @ 148 c2
Event: 0.813 Thread 0x0000022510f4dba0 DEOPT PACKING pc=0x0000022507b37138 sp=0x00000096f00fd930
Event: 0.813 Thread 0x0000022510f4dba0 DEOPT UNPACKING pc=0x00000225000523a3 sp=0x00000096f00fd8b0 mode 2
Event: 0.873 Thread 0x0000022510e69080 Uncommon trap: trap_request=0xffffff45 fr.pc=0x0000022507b2fc04 relative=0x0000000000000064
Event: 0.873 Thread 0x0000022510e69080 Uncommon trap: reason=unstable_if action=reinterpret pc=0x0000022507b2fc04 method=sun.net.www.ParseUtil.firstEncodeIndex(Ljava/lang/String;)I @ 51 c2
Event: 0.873 Thread 0x0000022510e69080 DEOPT PACKING pc=0x0000022507b2fc04 sp=0x00000096f01fc970
Event: 0.873 Thread 0x0000022510e69080 DEOPT UNPACKING pc=0x00000225000523a3 sp=0x00000096f01fc8f8 mode 2
Event: 0.875 Thread 0x0000022510f4dba0 DEOPT PACKING pc=0x0000022500745f18 sp=0x00000096f00f8200
Event: 0.875 Thread 0x0000022510f4dba0 DEOPT UNPACKING pc=0x0000022500052b43 sp=0x00000096f00f7708 mode 0
Event: 0.885 Thread 0x0000022510e69080 DEOPT PACKING pc=0x0000022500855ec8 sp=0x00000096f01f8430
Event: 0.885 Thread 0x0000022510e69080 DEOPT UNPACKING pc=0x0000022500052b43 sp=0x00000096f01f7948 mode 0
Event: 0.898 Thread 0x0000022510f4dba0 DEOPT PACKING pc=0x0000022500855ec8 sp=0x00000096f00f9f40
Event: 0.898 Thread 0x0000022510f4dba0 DEOPT UNPACKING pc=0x0000022500052b43 sp=0x00000096f00f9458 mode 0
Event: 0.905 Thread 0x0000022510e69080 DEOPT PACKING pc=0x0000022500745f18 sp=0x00000096f01f9270
Event: 0.905 Thread 0x0000022510e69080 DEOPT UNPACKING pc=0x0000022500052b43 sp=0x00000096f01f8778 mode 0
Event: 0.914 Thread 0x0000022510f4dba0 DEOPT PACKING pc=0x0000022500855ec8 sp=0x00000096f00fd380
Event: 0.914 Thread 0x0000022510f4dba0 DEOPT UNPACKING pc=0x0000022500052b43 sp=0x00000096f00fc898 mode 0

Classes unloaded (0 events):
No events

Classes redefined (0 events):
No events

Internal exceptions (20 events):
Event: 0.654 Thread 0x0000022510f4dba0 Exception <a 'java/lang/NoSuchMethodError'{0x000000070f3ef6b8}: 'java.lang.Object java.lang.invoke.Invokers$Holder.invokeExact_MT(java.lang.Object, java.lang.Object, java.lang.Object, java.lang.Object, java.lang.Object, java.lang.Object)'> (0x000000070f3ef6b8) 
thrown [e:\jenkins\tmp\workspace\build\src\src\hotspot\share\interpreter\linkResolver.cpp, line 766]
Event: 0.656 Thread 0x0000022510f4dba0 Exception <a 'java/lang/NoSuchMethodError'{0x000000070f004c00}: 'java.lang.Object java.lang.invoke.DirectMethodHandle$Holder.invokeInterface(java.lang.Object, java.lang.Object, java.lang.Object)'> (0x000000070f004c00) 
thrown [e:\jenkins\tmp\workspace\build\src\src\hotspot\share\interpreter\linkResolver.cpp, line 766]
Event: 0.656 Thread 0x0000022510f4dba0 Exception <a 'java/lang/IncompatibleClassChangeError'{0x000000070f0082c8}: Found class java.lang.Object, but interface was expected> (0x000000070f0082c8) 
thrown [e:\jenkins\tmp\workspace\build\src\src\hotspot\share\interpreter\linkResolver.cpp, line 833]
Event: 0.676 Thread 0x0000022510f4dba0 Exception <a 'java/lang/NoSuchMethodError'{0x000000070f10fb60}: 'int java.lang.invoke.DirectMethodHandle$Holder.invokeSpecial(java.lang.Object, java.lang.Object, java.lang.Object, java.lang.Object)'> (0x000000070f10fb60) 
thrown [e:\jenkins\tmp\workspace\build\src\src\hotspot\share\interpreter\linkResolver.cpp, line 766]
Event: 0.702 Thread 0x0000022510f4dba0 Exception <a 'java/lang/NoSuchMethodError'{0x000000070ee89ae8}: 'java.lang.Object java.lang.invoke.DirectMethodHandle$Holder.newInvokeSpecial(java.lang.Object, java.lang.Object, java.lang.Object, java.lang.Object, java.lang.Object, java.lang.Object)'> (0x000000070ee89ae8) 
thrown [e:\jenkins\tmp\workspace\build\src\src\hotspot\share\interpreter\linkResolver.cpp, line 766]
Event: 0.717 Thread 0x0000022510f4dba0 Exception <a 'java/lang/NoSuchMethodError'{0x000000070ef308b0}: 'java.lang.Object java.lang.invoke.DirectMethodHandle$Holder.newInvokeSpecial(java.lang.Object, java.lang.Object, java.lang.Object, java.lang.Object, java.lang.Object, java.lang.Object, int)'> (0x000000070ef308b0) 
thrown [e:\jenkins\tmp\workspace\build\src\src\hotspot\share\interpreter\linkResolver.cpp, line 766]
Event: 0.738 Thread 0x0000022510f4dba0 Exception <a 'java/lang/NoSuchMethodError'{0x000000070ec4e8c8}: 'int java.lang.invoke.DirectMethodHandle$Holder.invokeInterface(java.lang.Object, java.lang.Object)'> (0x000000070ec4e8c8) 
thrown [e:\jenkins\tmp\workspace\build\src\src\hotspot\share\interpreter\linkResolver.cpp, line 766]
Event: 0.762 Thread 0x0000022510f4dba0 Exception <a 'java/lang/NoSuchMethodError'{0x000000070ed3ce58}: 'java.lang.Object java.lang.invoke.DirectMethodHandle$Holder.invokeSpecial(java.lang.Object, java.lang.Object, java.lang.Object, int, java.lang.Object)'> (0x000000070ed3ce58) 
thrown [e:\jenkins\tmp\workspace\build\src\src\hotspot\share\interpreter\linkResolver.cpp, line 766]
Event: 0.762 Thread 0x0000022510f4dba0 Exception <a 'java/lang/NoSuchMethodError'{0x000000070ed454c0}: 'java.lang.Object java.lang.invoke.DirectMethodHandle$Holder.newInvokeSpecial(java.lang.Object, java.lang.Object, java.lang.Object, int, java.lang.Object)'> (0x000000070ed454c0) 
thrown [e:\jenkins\tmp\workspace\build\src\src\hotspot\share\interpreter\linkResolver.cpp, line 766]
Event: 0.764 Thread 0x0000022510f4dba0 Exception <a 'java/lang/NoSuchMethodError'{0x000000070ed5bd90}: 'java.lang.Object java.lang.invoke.DirectMethodHandle$Holder.newInvokeSpecial(java.lang.Object, int, java.lang.Object)'> (0x000000070ed5bd90) 
thrown [e:\jenkins\tmp\workspace\build\src\src\hotspot\share\interpreter\linkResolver.cpp, line 766]
Event: 0.764 Thread 0x0000022510f4dba0 Exception <a 'java/lang/NoSuchMethodError'{0x000000070ed60a70}: 'int java.lang.invoke.DirectMethodHandle$Holder.invokeSpecialIFC(java.lang.Object, java.lang.Object, java.lang.Object, java.lang.Object)'> (0x000000070ed60a70) 
thrown [e:\jenkins\tmp\workspace\build\src\src\hotspot\share\interpreter\linkResolver.cpp, line 766]
Event: 0.775 Thread 0x0000022510f4dba0 Exception <a 'java/lang/NoSuchMethodError'{0x000000070ea11080}: 'java.lang.Object java.lang.invoke.DirectMethodHandle$Holder.invokeInterface(java.lang.Object, java.lang.Object)'> (0x000000070ea11080) 
thrown [e:\jenkins\tmp\workspace\build\src\src\hotspot\share\interpreter\linkResolver.cpp, line 766]
Event: 0.790 Thread 0x0000022510f4dba0 Exception <a 'java/lang/NoSuchMethodError'{0x000000070eac27c0}: 'void java.lang.invoke.DirectMethodHandle$Holder.invokeInterface(java.lang.Object, java.lang.Object, java.lang.Object)'> (0x000000070eac27c0) 
thrown [e:\jenkins\tmp\workspace\build\src\src\hotspot\share\interpreter\linkResolver.cpp, line 766]
Event: 0.804 Thread 0x0000022510f4dba0 Exception <a 'java/lang/NoSuchMethodError'{0x000000070eb69110}: 'void java.lang.invoke.DirectMethodHandle$Holder.invokeStatic(java.lang.Object, java.lang.Object)'> (0x000000070eb69110) 
thrown [e:\jenkins\tmp\workspace\build\src\src\hotspot\share\interpreter\linkResolver.cpp, line 766]
Event: 0.805 Thread 0x0000022510f4dba0 Exception <a 'java/lang/NoSuchMethodError'{0x000000070eb6c910}: 'void java.lang.invoke.DirectMethodHandle$Holder.invokeStaticInit(java.lang.Object, java.lang.Object)'> (0x000000070eb6c910) 
thrown [e:\jenkins\tmp\workspace\build\src\src\hotspot\share\interpreter\linkResolver.cpp, line 766]
Event: 0.806 Thread 0x0000022510f4dba0 Exception <a 'java/lang/NoSuchMethodError'{0x000000070eb79140}: 'void java.lang.invoke.DirectMethodHandle$Holder.invokeStaticInit(java.lang.Object, java.lang.Object, java.lang.Object)'> (0x000000070eb79140) 
thrown [e:\jenkins\tmp\workspace\build\src\src\hotspot\share\interpreter\linkResolver.cpp, line 766]
Event: 0.830 Thread 0x0000022510f4dba0 Exception <a 'java/lang/NoSuchMethodError'{0x000000070e8002c8}: 'void java.lang.invoke.DirectMethodHandle$Holder.invokeVirtual(java.lang.Object, java.lang.Object, java.lang.Object, java.lang.Object)'> (0x000000070e8002c8) 
thrown [e:\jenkins\tmp\workspace\build\src\src\hotspot\share\interpreter\linkResolver.cpp, line 766]
Event: 0.854 Thread 0x0000022510f4dba0 Exception <a 'java/lang/NoSuchMethodError'{0x000000070e929e10}: 'void java.lang.invoke.DirectMethodHandle$Holder.invokeSpecial(java.lang.Object, java.lang.Object, java.lang.Object)'> (0x000000070e929e10) 
thrown [e:\jenkins\tmp\workspace\build\src\src\hotspot\share\interpreter\linkResolver.cpp, line 766]
Event: 0.854 Thread 0x0000022510f4dba0 Exception <a 'java/lang/NoSuchMethodError'{0x000000070e9304b0}: 'void java.lang.invoke.DirectMethodHandle$Holder.invokeSpecial(java.lang.Object, java.lang.Object, java.lang.Object, java.lang.Object, java.lang.Object)'> (0x000000070e9304b0) 
thrown [e:\jenkins\tmp\workspace\build\src\src\hotspot\share\interpreter\linkResolver.cpp, line 766]
Event: 0.868 Thread 0x0000022510f4dba0 Exception <a 'java/lang/NoSuchMethodError'{0x000000070e6497b8}: 'java.lang.Object java.lang.invoke.DirectMethodHandle$Holder.invokeStaticInit(java.lang.Object, int)'> (0x000000070e6497b8) 
thrown [e:\jenkins\tmp\workspace\build\src\src\hotspot\share\interpreter\linkResolver.cpp, line 766]

VM Operations (16 events):
Event: 0.154 Executing VM operation: HandshakeAllThreads
Event: 0.154 Executing VM operation: HandshakeAllThreads done
Event: 0.347 Executing VM operation: HandshakeAllThreads
Event: 0.347 Executing VM operation: HandshakeAllThreads done
Event: 0.361 Executing VM operation: HandshakeAllThreads
Event: 0.361 Executing VM operation: HandshakeAllThreads done
Event: 0.501 Executing VM operation: G1CollectForAllocation
Event: 0.506 Executing VM operation: G1CollectForAllocation done
Event: 0.519 Executing VM operation: G1CollectForAllocation
Event: 0.521 Executing VM operation: G1CollectForAllocation done
Event: 0.587 Executing VM operation: HandshakeAllThreads
Event: 0.587 Executing VM operation: HandshakeAllThreads done
Event: 0.750 Executing VM operation: HandshakeAllThreads
Event: 0.750 Executing VM operation: HandshakeAllThreads done
Event: 0.857 Executing VM operation: ICBufferFull
Event: 0.858 Executing VM operation: ICBufferFull done

Events (20 events):
Event: 0.915 loading class java/util/concurrent/locks/ReentrantReadWriteLock
Event: 0.915 loading class java/util/concurrent/locks/ReentrantReadWriteLock done
Event: 0.915 loading class java/util/concurrent/locks/ReentrantReadWriteLock$NonfairSync
Event: 0.915 loading class java/util/concurrent/locks/ReentrantReadWriteLock$Sync
Event: 0.915 loading class java/util/concurrent/locks/ReentrantReadWriteLock$Sync done
Event: 0.915 loading class java/util/concurrent/locks/ReentrantReadWriteLock$NonfairSync done
Event: 0.915 loading class java/util/concurrent/locks/ReentrantReadWriteLock$Sync$ThreadLocalHoldCounter
Event: 0.915 loading class java/util/concurrent/locks/ReentrantReadWriteLock$Sync$ThreadLocalHoldCounter done
Event: 0.915 loading class java/util/concurrent/locks/ReentrantReadWriteLock$ReadLock
Event: 0.915 loading class java/util/concurrent/locks/ReentrantReadWriteLock$ReadLock done
Event: 0.915 loading class java/util/concurrent/locks/ReentrantReadWriteLock$WriteLock
Event: 0.915 loading class java/util/concurrent/locks/ReentrantReadWriteLock$WriteLock done
Event: 0.916 loading class java/util/concurrent/ConcurrentLinkedQueue
Event: 0.916 loading class java/util/concurrent/ConcurrentLinkedQueue done
Event: 0.916 loading class java/util/concurrent/ConcurrentLinkedQueue$Node
Event: 0.916 loading class java/util/concurrent/ConcurrentLinkedQueue$Node done
Event: 0.917 loading class java/lang/ThreadLocal$SuppliedThreadLocal
Event: 0.917 loading class java/lang/ThreadLocal$SuppliedThreadLocal done
Event: 0.920 loading class java/util/RegularEnumSet$EnumSetIterator
Event: 0.920 loading class java/util/RegularEnumSet$EnumSetIterator done


Dynamic libraries:
0x00007ff70a0f0000 - 0x00007ff70a0fe000 	C:\Users\Baba\.p2\pool\plugins\org.eclipse.justj.openjdk.hotspot.jre.full.win32.x86_64_17.0.1.v20211116-1657\jre\bin\javaw.exe
0x00007ffea9690000 - 0x00007ffea9885000 	C:\Windows\SYSTEM32\ntdll.dll
0x00007ffe85c80000 - 0x00007ffe85c96000 	F:\Avast\aswhook.dll
0x00007ffea7a30000 - 0x00007ffea7aee000 	C:\Windows\System32\KERNEL32.DLL
0x00007ffea6fd0000 - 0x00007ffea7298000 	C:\Windows\System32\KERNELBASE.dll
0x00007ffea73c0000 - 0x00007ffea74c0000 	C:\Windows\System32\ucrtbase.dll
0x00007ffea0be0000 - 0x00007ffea0bf8000 	C:\Users\Baba\.p2\pool\plugins\org.eclipse.justj.openjdk.hotspot.jre.full.win32.x86_64_17.0.1.v20211116-1657\jre\bin\jli.dll
0x00007ffe9e760000 - 0x00007ffe9e779000 	C:\Users\Baba\.p2\pool\plugins\org.eclipse.justj.openjdk.hotspot.jre.full.win32.x86_64_17.0.1.v20211116-1657\jre\bin\VCRUNTIME140.dll
0x00007ffea7ba0000 - 0x00007ffea7d40000 	C:\Windows\System32\USER32.dll
0x00007ffea6da0000 - 0x00007ffea6dc2000 	C:\Windows\System32\win32u.dll
0x00007ffea60b0000 - 0x00007ffea634a000 	C:\Windows\WinSxS\amd64_microsoft.windows.common-controls_6595b64144ccf1df_6.0.19041.1110_none_60b5254171f9507e\COMCTL32.dll
0x00007ffea8bc0000 - 0x00007ffea8beb000 	C:\Windows\System32\GDI32.dll
0x00007ffea8c00000 - 0x00007ffea8c9e000 	C:\Windows\System32\msvcrt.dll
0x00007ffea6ec0000 - 0x00007ffea6fcd000 	C:\Windows\System32\gdi32full.dll
0x00007ffea6dd0000 - 0x00007ffea6e6d000 	C:\Windows\System32\msvcp_win.dll
0x00007ffea7ef0000 - 0x00007ffea7f20000 	C:\Windows\System32\IMM32.DLL
0x00007ffea0200000 - 0x00007ffea020c000 	C:\Users\Baba\.p2\pool\plugins\org.eclipse.justj.openjdk.hotspot.jre.full.win32.x86_64_17.0.1.v20211116-1657\jre\bin\vcruntime140_1.dll
0x00007ffe9e270000 - 0x00007ffe9e301000 	C:\Users\Baba\.p2\pool\plugins\org.eclipse.justj.openjdk.hotspot.jre.full.win32.x86_64_17.0.1.v20211116-1657\jre\bin\msvcp140.dll
0x00007ffe53510000 - 0x00007ffe54156000 	C:\Users\Baba\.p2\pool\plugins\org.eclipse.justj.openjdk.hotspot.jre.full.win32.x86_64_17.0.1.v20211116-1657\jre\bin\server\jvm.dll
0x00007ffea8ca0000 - 0x00007ffea8d4e000 	C:\Windows\System32\ADVAPI32.dll
0x00007ffea7f20000 - 0x00007ffea7fbc000 	C:\Windows\System32\sechost.dll
0x00007ffea7900000 - 0x00007ffea7a25000 	C:\Windows\System32\RPCRT4.dll
0x00007ffea8bb0000 - 0x00007ffea8bb8000 	C:\Windows\System32\PSAPI.DLL
0x00007ffe932d0000 - 0x00007ffe932d9000 	C:\Windows\SYSTEM32\WSOCK32.dll
0x00007ffe952a0000 - 0x00007ffe952c7000 	C:\Windows\SYSTEM32\WINMM.dll
0x00007ffe9e9a0000 - 0x00007ffe9e9aa000 	C:\Windows\SYSTEM32\VERSION.dll
0x00007ffea93d0000 - 0x00007ffea943b000 	C:\Windows\System32\WS2_32.dll
0x00007ffea3ed0000 - 0x00007ffea3ee2000 	C:\Windows\SYSTEM32\kernel.appcore.dll
0x00007ffea4b50000 - 0x00007ffea4b5a000 	C:\Users\Baba\.p2\pool\plugins\org.eclipse.justj.openjdk.hotspot.jre.full.win32.x86_64_17.0.1.v20211116-1657\jre\bin\jimage.dll
0x00007ffea66e0000 - 0x00007ffea68c4000 	C:\Windows\SYSTEM32\DBGHELP.DLL
0x00007ffea6490000 - 0x00007ffea64bc000 	C:\Windows\SYSTEM32\dbgcore.DLL
0x00007ffea74c0000 - 0x00007ffea7542000 	C:\Windows\System32\bcryptPrimitives.dll
0x00007ffea1080000 - 0x00007ffea10a5000 	C:\Users\Baba\.p2\pool\plugins\org.eclipse.justj.openjdk.hotspot.jre.full.win32.x86_64_17.0.1.v20211116-1657\jre\bin\java.dll
0x00007ffea1d50000 - 0x00007ffea1d68000 	C:\Users\Baba\.p2\pool\plugins\org.eclipse.justj.openjdk.hotspot.jre.full.win32.x86_64_17.0.1.v20211116-1657\jre\bin\zip.dll
0x00007ffea8100000 - 0x00007ffea8844000 	C:\Windows\System32\SHELL32.dll
0x00007ffea4190000 - 0x00007ffea4924000 	C:\Windows\SYSTEM32\windows.storage.dll
0x00007ffea8850000 - 0x00007ffea8ba5000 	C:\Windows\System32\combase.dll
0x00007ffea6040000 - 0x00007ffea606e000 	C:\Windows\SYSTEM32\Wldp.dll
0x00007ffea9250000 - 0x00007ffea92fd000 	C:\Windows\System32\SHCORE.dll
0x00007ffea8d50000 - 0x00007ffea8da5000 	C:\Windows\System32\shlwapi.dll
0x00007ffea6ce0000 - 0x00007ffea6cff000 	C:\Windows\SYSTEM32\profapi.dll
0x00007ffea1b20000 - 0x00007ffea1b39000 	C:\Users\Baba\.p2\pool\plugins\org.eclipse.justj.openjdk.hotspot.jre.full.win32.x86_64_17.0.1.v20211116-1657\jre\bin\net.dll
0x00007ffe93e70000 - 0x00007ffe93f7c000 	C:\Windows\SYSTEM32\WINHTTP.dll
0x00007ffea5e00000 - 0x00007ffea5e6a000 	C:\Windows\system32\mswsock.dll
0x00007ffea1060000 - 0x00007ffea1075000 	C:\Users\Baba\.p2\pool\plugins\org.eclipse.justj.openjdk.hotspot.jre.full.win32.x86_64_17.0.1.v20211116-1657\jre\bin\nio.dll
0x00007ffea3f90000 - 0x00007ffea3fa0000 	C:\Users\Baba\.p2\pool\plugins\org.eclipse.justj.openjdk.hotspot.jre.full.win32.x86_64_17.0.1.v20211116-1657\jre\bin\verify.dll
0x00007ffea1af0000 - 0x00007ffea1af9000 	C:\Users\Baba\.p2\pool\plugins\org.eclipse.justj.openjdk.hotspot.jre.full.win32.x86_64_17.0.1.v20211116-1657\jre\bin\management.dll
0x00007ffea1200000 - 0x00007ffea120b000 	C:\Users\Baba\.p2\pool\plugins\org.eclipse.justj.openjdk.hotspot.jre.full.win32.x86_64_17.0.1.v20211116-1657\jre\bin\management_ext.dll
0x00007ffe8a600000 - 0x00007ffe8a617000 	C:\Windows\system32\napinsp.dll
0x00007ffe8a640000 - 0x00007ffe8a65b000 	C:\Windows\system32\pnrpnsp.dll
0x00007ffe8a620000 - 0x00007ffe8a635000 	C:\Windows\system32\wshbth.dll
0x00007ffea1980000 - 0x00007ffea199d000 	C:\Windows\system32\NLAapi.dll
0x00007ffea5b10000 - 0x00007ffea5b4b000 	C:\Windows\SYSTEM32\IPHLPAPI.DLL
0x00007ffea5b50000 - 0x00007ffea5c1b000 	C:\Windows\SYSTEM32\DNSAPI.dll
0x00007ffea8bf0000 - 0x00007ffea8bf8000 	C:\Windows\System32\NSI.dll
0x00007ffe8b150000 - 0x00007ffe8b162000 	C:\Windows\System32\winrnr.dll
0x00007ffe94a70000 - 0x00007ffe94a7a000 	C:\Windows\System32\rasadhlp.dll
0x00007ffe94b30000 - 0x00007ffe94baf000 	C:\Windows\System32\fwpuclnt.dll
0x00007ffea76b0000 - 0x00007ffea76d7000 	C:\Windows\System32\bcrypt.dll

dbghelp: loaded successfully - version: 4.0.5 - missing functions: none
symbol engine: initialized successfully - sym options: 0x614 - pdb path: .;C:\Users\Baba\.p2\pool\plugins\org.eclipse.justj.openjdk.hotspot.jre.full.win32.x86_64_17.0.1.v20211116-1657\jre\bin;C:\Windows\SYSTEM32;F:\Avast;C:\Windows\WinSxS\amd64_microsoft.windows.common-controls_6595b64144ccf1df_6.0.19041.1110_none_60b5254171f9507e;C:\Users\Baba\.p2\pool\plugins\org.eclipse.justj.openjdk.hotspot.jre.full.win32.x86_64_17.0.1.v20211116-1657\jre\bin\server

VM Arguments:
jvm_args: -Dfile.encoding=UTF-8 -XX:+ShowCodeDetailsInExceptionMessages 
java_command: nefelus.rpg.NefelusApplication
java_class_path (initial): D:\rodrigo\ProjetoParticular\rpg\target\classes;C:\Users\Baba\.m2\repository\org\springdoc\springdoc-openapi-ui\1.5.13\springdoc-openapi-ui-1.5.13.jar;C:\Users\Baba\.m2\repository\org\springdoc\springdoc-openapi-webmvc-core\1.5.13\springdoc-openapi-webmvc-core-1.5.13.jar;C:\Users\Baba\.m2\repository\org\springdoc\springdoc-openapi-common\1.5.13\springdoc-openapi-common-1.5.13.jar;C:\Users\Baba\.m2\repository\io\swagger\core\v3\swagger-models\2.1.11\swagger-models-2.1.11.jar;C:\Users\Baba\.m2\repository\io\swagger\core\v3\swagger-annotations\2.1.11\swagger-annotations-2.1.11.jar;C:\Users\Baba\.m2\repository\io\swagger\core\v3\swagger-integration\2.1.11\swagger-integration-2.1.11.jar;C:\Users\Baba\.m2\repository\io\swagger\core\v3\swagger-core\2.1.11\swagger-core-2.1.11.jar;C:\Users\Baba\.m2\repository\com\fasterxml\jackson\dataformat\jackson-dataformat-yaml\2.13.1\jackson-dataformat-yaml-2.13.1.jar;C:\Users\Baba\.m2\repository\io\github\classgraph\classgraph\4.8.116\classgraph-4.8.116.jar;C:\Users\Baba\.m2\repository\org\apache\commons\commons-lang3\3.12.0\commons-lang3-3.12.0.jar;C:\Users\Baba\.m2\repository\org\webjars\swagger-ui\4.1.2\swagger-ui-4.1.2.jar;C:\Users\Baba\.m2\repository\org\webjars\webjars-locator-core\0.48\webjars-locator-core-0.48.jar;C:\Users\Baba\.m2\repository\org\slf4j\slf4j-api\1.7.32\slf4j-api-1.7.32.jar;C:\Users\Baba\.m2\repository\com\fasterxml\jackson\core\jackson-core\2.13.1\jackson-core-2.13.1.jar;C:\Users\Baba\.m2\repository\commons-codec\commons-codec\1.15\commons-codec-1.15.jar;C:\Users\Baba\.m2\repository\org\springframework\boot\spring-boot-starter-security\2.6.2\spring-boot-starter-security-2.6.2.jar;C:\Users\Baba\.m2\repository\org\springframework\boot\spring-boot-starter\2.6.2\spring-boot-starter-2.6.2.jar;C:\Users\Baba\.m2\repository\org\springframework\boot\spring-boot-starter-logging\2.6.2\spring-boot-starter-logging-2.6.2.jar;C:\Users\Baba\.m2\repository\ch\qos\logback\logback-classic\1.2.9\logbac
Launcher Type: SUN_STANDARD

[Global flags]
     intx CICompilerCount                          = 3                                         {product} {ergonomic}
     uint ConcGCThreads                            = 2                                         {product} {ergonomic}
     uint G1ConcRefinementThreads                  = 6                                         {product} {ergonomic}
   size_t G1HeapRegionSize                         = 2097152                                   {product} {ergonomic}
    uintx GCDrainStackTargetSize                   = 64                                        {product} {ergonomic}
   size_t InitialHeapSize                          = 268435456                                 {product} {ergonomic}
   size_t MarkStackSize                            = 4194304                                   {product} {ergonomic}
   size_t MaxHeapSize                              = 4276092928                                {product} {ergonomic}
   size_t MaxNewSize                               = 2564816896                                {product} {ergonomic}
   size_t MinHeapDeltaBytes                        = 2097152                                   {product} {ergonomic}
   size_t MinHeapSize                              = 8388608                                   {product} {ergonomic}
    uintx NonNMethodCodeHeapSize                   = 5832780                                {pd product} {ergonomic}
    uintx NonProfiledCodeHeapSize                  = 122912730                              {pd product} {ergonomic}
    uintx ProfiledCodeHeapSize                     = 122912730                              {pd product} {ergonomic}
    uintx ReservedCodeCacheSize                    = 251658240                              {pd product} {ergonomic}
     bool SegmentedCodeCache                       = true                                      {product} {ergonomic}
     bool ShowCodeDetailsInExceptionMessages       = true                                   {manageable} {command line}
   size_t SoftMaxHeapSize                          = 4276092928                             {manageable} {ergonomic}
     bool UseCompressedClassPointers               = true                           {product lp64_product} {ergonomic}
     bool UseCompressedOops                        = true                           {product lp64_product} {ergonomic}
     bool UseG1GC                                  = true                                      {product} {ergonomic}
     bool UseLargePagesIndividualAllocation        = false                                  {pd product} {ergonomic}

Logging:
Log output configuration:
 #0: stdout all=warning uptime,level,tags
 #1: stderr all=off uptime,level,tags

Environment Variables:
PATH=C:/Users/Baba/.p2/pool/plugins/org.eclipse.justj.openjdk.hotspot.jre.full.win32.x86_64_17.0.1.v20211116-1657/jre/bin/server;C:/Users/Baba/.p2/pool/plugins/org.eclipse.justj.openjdk.hotspot.jre.full.win32.x86_64_17.0.1.v20211116-1657/jre/bin;C:\Program Files\Common Files\Oracle\Java\javapath;C:\Program Files (x86)\Common Files\Oracle\Java\javapath;C:\Windows\system32;C:\Windows;C:\Windows\System32\Wbem;C:\Windows\System32\WindowsPowerShell\v1.0\;C:\Windows\System32\OpenSSH\;C:\Program Files\dotnet\;C:\Program Files\Microsoft SQL Server\130\Tools\Binn\;C:\Program Files\Microsoft SQL Server\Client SDK\ODBC\170\Tools\Binn\;C:\Program Files\NVIDIA Corporation\NVIDIA NvDLISR;C:\Program Files (x86)\NVIDIA Corporation\PhysX\Common;F:\Git\Git\cmd;C:\Program Files\Docker\Docker\resources\bin;C:\ProgramData\DockerDesktop\version-bin;C:\Program Files\Java\jdk1.8.0_311\bin;C:\Program Files\nodejs\;C:\ProgramData\UNIVALI\Portugol Studio;C:\Users\Baba\AppData\Local\Microsoft\WindowsApps;C:\Users\Baba\.dotnet\tools;C:\Users\Baba\AppData\Local\Programs\Microsoft VS Code\bin;C:\Users\Baba\AppData\Roaming\npm;C:\Windows\System32;
USERNAME=Baba
OS=Windows_NT
PROCESSOR_IDENTIFIER=Intel64 Family 6 Model 158 Stepping 10, GenuineIntel



---------------  S Y S T E M  ---------------

OS:
 Windows 10 , 64 bit Build 19041 (10.0.19041.1503)
OS uptime: 0 days 23:42 hours
Hyper-V role detected

CPU: total 6 (initial active 6) (6 cores per cpu, 1 threads per core) family 6 model 158 stepping 10 microcode 0xb4, cx8, cmov, fxsr, mmx, 3dnowpref, sse, sse2, sse3, ssse3, sse4.1, sse4.2, popcnt, lzcnt, tsc, tscinvbit, avx, avx2, aes, erms, clmul, bmi1, bmi2, adx, fma, vzeroupper, clflush, clflushopt, hv

Memory: 4k page, system-wide physical 16304M (10031M free)
TotalPageFile size 18736M (AvailPageFile size 12092M)
current process WorkingSet (physical memory assigned to process): 132M, peak: 132M
current process commit charge ("private bytes"): 369M, peak: 369M

vm_info: OpenJDK 64-Bit Server VM (17.0.1+12) for windows-amd64 JRE (17.0.1+12), built on Oct 20 2021 07:42:55 by "" with MS VC++ 16.7 (VS2019)

END.
